============================================================
Time  2021/11/02 23:03:29 361 
============================================================
[2021/11/02 23:03:29 361] tts        811  SYS_MSG_REGCB param0 =  msp_status_cb  param1 =  func(259efd10) 
[2021/11/02 23:03:29 365] config     43   use general cloud  
[2021/11/02 23:03:29 367] tts_cloud  1438 SYS_MSG_REGCB_CLOUD param0 =   msp_status_cb  param1 =  func(259efd10) 
[2021/11/02 23:03:29 367] tts        782  TTS_MSG_SSB  
[2021/11/02 23:03:29 367] tts        434  params =  engine_type = local, voice_name = xiaoyan, text_encoding = GB2312, tts_res_path = fo|res\tts\xiaoyan.jet;fo|res\tts\common.jet, sample_rate = 16000, speed = 35, volume = 50, pitch = 50, rdn = 2  
[2021/11/02 23:03:29 367] tts        273  auf=audio/L16;rate=16000  
[2021/11/02 23:03:29 367] tts        273  auf=audio/L16;rate=16000  
[2021/11/02 23:03:29 367] tts        471  ssb|use local  
[2021/11/02 23:03:29 367] tts        385  local_session_begin  
[2021/11/02 23:03:29 368] tts        789  TTS_MSG_SYN  0  
[2021/11/02 23:03:29 368] tts        514  synth|use local  
[2021/11/02 23:03:29 369] tts        792  TTS_MSG_GETAUDIO  0  
[2021/11/02 23:03:29 369] tts        557  get audio|use local  
[2021/11/02 23:03:29 369] tts        599  0  nil  1  
[2021/11/02 23:03:29 369] tts        792  TTS_MSG_GETAUDIO  0  
[2021/11/02 23:03:29 369] tts        557  get audio|use local  
[2021/11/02 23:03:29 369] tts        599  0  nil  1  
[2021/11/02 23:03:29 369] tts        792  TTS_MSG_GETAUDIO  0  
[2021/11/02 23:03:29 369] tts        557  get audio|use local  
[2021/11/02 23:03:29 369] tts        599  0  nil  1  
[2021/11/02 23:03:29 371] tts        792  TTS_MSG_GETAUDIO  0  
[2021/11/02 23:03:29 371] tts        557  get audio|use local  
[2021/11/02 23:03:29 371] tts        599  0  nil  1  
[2021/11/02 23:03:29 371] tts        792  TTS_MSG_GETAUDIO  0  
[2021/11/02 23:03:29 371] tts        557  get audio|use local  
[2021/11/02 23:03:29 371] tts        599  0  nil  1  
[2021/11/02 23:03:29 372] tts        792  TTS_MSG_GETAUDIO  0  
[2021/11/02 23:03:29 372] tts        557  get audio|use local  
[2021/11/02 23:03:29 372] tts        599  0  nil  1  
[2021/11/02 23:03:29 372] tts        792  TTS_MSG_GETAUDIO  0  
[2021/11/02 23:03:29 372] tts        557  get audio|use local  
[2021/11/02 23:03:29 372] tts        599  0  nil  1  
[2021/11/02 23:03:29 372] tts        792  TTS_MSG_GETAUDIO  0  
[2021/11/02 23:03:29 372] tts        557  get audio|use local  
[2021/11/02 23:03:29 372] tts        599  0  nil  1  
[2021/11/02 23:03:29 374] tts        792  TTS_MSG_GETAUDIO  0  
[2021/11/02 23:03:29 374] tts        557  get audio|use local  
[2021/11/02 23:03:29 374] tts        599  0  nil  1  
[2021/11/02 23:03:29 374] tts        792  TTS_MSG_GETAUDIO  0  
[2021/11/02 23:03:29 374] tts        557  get audio|use local  
[2021/11/02 23:03:29 374] tts        599  0  nil  1  
[2021/11/02 23:03:29 374] tts        792  TTS_MSG_GETAUDIO  0  
[2021/11/02 23:03:29 374] tts        557  get audio|use local  
[2021/11/02 23:03:29 374] tts        599  0  nil  1  
[2021/11/02 23:03:29 375] tts        792  TTS_MSG_GETAUDIO  0  
[2021/11/02 23:03:29 375] tts        557  get audio|use local  
[2021/11/02 23:03:29 375] tts        599  0  nil  1  
[2021/11/02 23:03:29 375] tts        792  TTS_MSG_GETAUDIO  0  
[2021/11/02 23:03:29 375] tts        557  get audio|use local  
[2021/11/02 23:03:29 375] tts        599  0  nil  1  
[2021/11/02 23:03:29 375] tts        792  TTS_MSG_GETAUDIO  0  
[2021/11/02 23:03:29 375] tts        557  get audio|use local  
[2021/11/02 23:03:29 375] tts        599  0  nil  1  
[2021/11/02 23:03:29 375] tts        792  TTS_MSG_GETAUDIO  0  
[2021/11/02 23:03:29 375] tts        557  get audio|use local  
[2021/11/02 23:03:29 375] tts        599  0  nil  1  
[2021/11/02 23:03:29 377] tts        792  TTS_MSG_GETAUDIO  0  
[2021/11/02 23:03:29 377] tts        557  get audio|use local  
[2021/11/02 23:03:29 377] tts        599  0  nil  1  
[2021/11/02 23:03:29 378] tts        792  TTS_MSG_GETAUDIO  0  
[2021/11/02 23:03:29 378] tts        557  get audio|use local  
[2021/11/02 23:03:29 378] tts        599  0  nil  1  
[2021/11/02 23:03:29 378] tts        792  TTS_MSG_GETAUDIO  0  
[2021/11/02 23:03:29 378] tts        557  get audio|use local  
[2021/11/02 23:03:29 378] tts        599  0  nil  1  
[2021/11/02 23:03:29 378] tts        792  TTS_MSG_GETAUDIO  0  
[2021/11/02 23:03:29 378] tts        557  get audio|use local  
[2021/11/02 23:03:29 378] tts        599  0  nil  1  
[2021/11/02 23:03:29 378] tts        792  TTS_MSG_GETAUDIO  0  
[2021/11/02 23:03:29 378] tts        557  get audio|use local  
[2021/11/02 23:03:29 378] tts        599  0  nil  1  
[2021/11/02 23:03:29 380] tts        792  TTS_MSG_GETAUDIO  0  
[2021/11/02 23:03:29 380] tts        557  get audio|use local  
[2021/11/02 23:03:29 380] tts        599  0  nil  1  
[2021/11/02 23:03:29 380] tts        792  TTS_MSG_GETAUDIO  0  
[2021/11/02 23:03:29 380] tts        557  get audio|use local  
[2021/11/02 23:03:29 380] tts        599  0  nil  1  
[2021/11/02 23:03:29 381] tts        792  TTS_MSG_GETAUDIO  0  
[2021/11/02 23:03:29 381] tts        557  get audio|use local  
[2021/11/02 23:03:29 381] tts        599  0  nil  1  
[2021/11/02 23:03:29 381] tts        792  TTS_MSG_GETAUDIO  0  
[2021/11/02 23:03:29 381] tts        557  get audio|use local  
[2021/11/02 23:03:29 381] tts        599  0  nil  1  
[2021/11/02 23:03:29 381] tts        792  TTS_MSG_GETAUDIO  0  
[2021/11/02 23:03:29 381] tts        557  get audio|use local  
[2021/11/02 23:03:29 381] tts        599  0  nil  1  
[2021/11/02 23:03:29 381] tts        792  TTS_MSG_GETAUDIO  0  
[2021/11/02 23:03:29 381] tts        557  get audio|use local  
[2021/11/02 23:03:29 381] tts        599  0  nil  1  
[2021/11/02 23:03:29 381] tts        792  TTS_MSG_GETAUDIO  0  
[2021/11/02 23:03:29 381] tts        557  get audio|use local  
[2021/11/02 23:03:29 381] tts        599  0  nil  1  
[2021/11/02 23:03:29 382] tts        792  TTS_MSG_GETAUDIO  0  
[2021/11/02 23:03:29 382] tts        557  get audio|use local  
[2021/11/02 23:03:29 382] tts        599  0  nil  1  
[2021/11/02 23:03:29 382] tts        792  TTS_MSG_GETAUDIO  0  
[2021/11/02 23:03:29 382] tts        557  get audio|use local  
[2021/11/02 23:03:29 382] tts        599  0  nil  1  
[2021/11/02 23:03:29 384] tts        792  TTS_MSG_GETAUDIO  0  
[2021/11/02 23:03:29 384] tts        557  get audio|use local  
[2021/11/02 23:03:29 384] tts        599  0  nil  1  
[2021/11/02 23:03:29 384] tts        792  TTS_MSG_GETAUDIO  0  
[2021/11/02 23:03:29 384] tts        557  get audio|use local  
[2021/11/02 23:03:29 384] tts        599  0  nil  1  
[2021/11/02 23:03:29 384] tts        792  TTS_MSG_GETAUDIO  0  
[2021/11/02 23:03:29 384] tts        557  get audio|use local  
[2021/11/02 23:03:29 384] tts        599  0  nil  1  
[2021/11/02 23:03:29 384] tts        792  TTS_MSG_GETAUDIO  0  
[2021/11/02 23:03:29 384] tts        557  get audio|use local  
[2021/11/02 23:03:29 384] tts        599  0  nil  1  
[2021/11/02 23:03:29 385] tts        792  TTS_MSG_GETAUDIO  0  
[2021/11/02 23:03:29 385] tts        557  get audio|use local  
[2021/11/02 23:03:29 385] tts        599  0  nil  1  
[2021/11/02 23:03:29 387] tts        792  TTS_MSG_GETAUDIO  0  
[2021/11/02 23:03:29 387] tts        557  get audio|use local  
[2021/11/02 23:03:29 387] tts        599  0  nil  1  
[2021/11/02 23:03:29 388] tts        792  TTS_MSG_GETAUDIO  0  
[2021/11/02 23:03:29 388] tts        557  get audio|use local  
[2021/11/02 23:03:29 388] tts        599  0  nil  1  
[2021/11/02 23:03:29 388] tts        792  TTS_MSG_GETAUDIO  0  
[2021/11/02 23:03:29 388] tts        557  get audio|use local  
[2021/11/02 23:03:29 388] tts        599  0  nil  1  
[2021/11/02 23:03:29 390] tts        792  TTS_MSG_GETAUDIO  0  
[2021/11/02 23:03:29 390] tts        557  get audio|use local  
[2021/11/02 23:03:29 390] tts        599  0  nil  1  
[2021/11/02 23:03:29 390] tts        792  TTS_MSG_GETAUDIO  0  
[2021/11/02 23:03:29 391] tts        557  get audio|use local  
[2021/11/02 23:03:29 391] tts        599  0  nil  1  
[2021/11/02 23:03:29 391] tts        792  TTS_MSG_GETAUDIO  0  
[2021/11/02 23:03:29 391] tts        557  get audio|use local  
[2021/11/02 23:03:29 391] tts        599  0  nil  1  
[2021/11/02 23:03:29 391] tts        792  TTS_MSG_GETAUDIO  0  
[2021/11/02 23:03:29 391] tts        557  get audio|use local  
[2021/11/02 23:03:29 392] tts        599  0  nil  1  
[2021/11/02 23:03:29 394] tts        792  TTS_MSG_GETAUDIO  0  
[2021/11/02 23:03:29 394] tts        557  get audio|use local  
[2021/11/02 23:03:29 394] tts        599  0  nil  1  
[2021/11/02 23:03:29 394] tts        792  TTS_MSG_GETAUDIO  0  
[2021/11/02 23:03:29 394] tts        557  get audio|use local  
[2021/11/02 23:03:29 394] tts        599  0  nil  1  
[2021/11/02 23:03:29 395] tts        792  TTS_MSG_GETAUDIO  0  
[2021/11/02 23:03:29 395] tts        557  get audio|use local  
[2021/11/02 23:03:29 395] tts        599  0  nil  1  
[2021/11/02 23:03:29 395] tts        792  TTS_MSG_GETAUDIO  0  
[2021/11/02 23:03:29 395] tts        557  get audio|use local  
[2021/11/02 23:03:29 395] tts        599  0  nil  1  
[2021/11/02 23:03:29 397] tts        792  TTS_MSG_GETAUDIO  0  
[2021/11/02 23:03:29 397] tts        557  get audio|use local  
[2021/11/02 23:03:29 397] tts        599  0  nil  1  
[2021/11/02 23:03:29 398] tts        792  TTS_MSG_GETAUDIO  0  
[2021/11/02 23:03:29 398] tts        557  get audio|use local  
[2021/11/02 23:03:29 398] tts        599  0  nil  1  
[2021/11/02 23:03:29 398] tts        792  TTS_MSG_GETAUDIO  0  
[2021/11/02 23:03:29 398] tts        557  get audio|use local  
[2021/11/02 23:03:29 400] tts        599  0  nil  1  
[2021/11/02 23:03:29 400] tts        792  TTS_MSG_GETAUDIO  0  
[2021/11/02 23:03:29 400] tts        557  get audio|use local  
[2021/11/02 23:03:29 400] tts        599  0  nil  1  
[2021/11/02 23:03:29 401] tts        792  TTS_MSG_GETAUDIO  0  
[2021/11/02 23:03:29 401] tts        557  get audio|use local  
[2021/11/02 23:03:29 401] tts        599  0  nil  1  
[2021/11/02 23:03:29 401] tts        792  TTS_MSG_GETAUDIO  0  
[2021/11/02 23:03:29 401] tts        557  get audio|use local  
[2021/11/02 23:03:29 401] tts        599  0  nil  1  
[2021/11/02 23:03:29 401] tts        792  TTS_MSG_GETAUDIO  0  
[2021/11/02 23:03:29 401] tts        557  get audio|use local  
[2021/11/02 23:03:29 403] tts        599  0  nil  1  
[2021/11/02 23:03:29 403] tts        792  TTS_MSG_GETAUDIO  0  
[2021/11/02 23:03:29 403] tts        557  get audio|use local  
[2021/11/02 23:03:29 403] tts        599  0  nil  1  
[2021/11/02 23:03:29 404] tts        792  TTS_MSG_GETAUDIO  0  
[2021/11/02 23:03:29 404] tts        557  get audio|use local  
[2021/11/02 23:03:29 404] tts        599  0  nil  1  
[2021/11/02 23:03:29 404] tts        792  TTS_MSG_GETAUDIO  0  
[2021/11/02 23:03:29 404] tts        557  get audio|use local  
[2021/11/02 23:03:29 404] tts        599  0  nil  1  
[2021/11/02 23:03:29 404] tts        792  TTS_MSG_GETAUDIO  0  
[2021/11/02 23:03:29 405] tts        557  get audio|use local  
[2021/11/02 23:03:29 405] tts        599  0  nil  1  
[2021/11/02 23:03:29 405] tts        792  TTS_MSG_GETAUDIO  0  
[2021/11/02 23:03:29 405] tts        557  get audio|use local  
[2021/11/02 23:03:29 405] tts        599  0  nil  1  
[2021/11/02 23:03:29 405] tts        792  TTS_MSG_GETAUDIO  0  
[2021/11/02 23:03:29 405] tts        557  get audio|use local  
[2021/11/02 23:03:29 405] tts        599  0  nil  1  
[2021/11/02 23:03:29 407] tts        792  TTS_MSG_GETAUDIO  0  
[2021/11/02 23:03:29 407] tts        557  get audio|use local  
[2021/11/02 23:03:29 407] tts        599  0  nil  1  
[2021/11/02 23:03:29 407] tts        792  TTS_MSG_GETAUDIO  0  
[2021/11/02 23:03:29 407] tts        557  get audio|use local  
[2021/11/02 23:03:29 407] tts        599  0  nil  1  
[2021/11/02 23:03:29 407] tts        792  TTS_MSG_GETAUDIO  0  
[2021/11/02 23:03:29 407] tts        557  get audio|use local  
[2021/11/02 23:03:29 407] tts        599  0  nil  1  
[2021/11/02 23:03:29 407] tts        792  TTS_MSG_GETAUDIO  0  
[2021/11/02 23:03:29 407] tts        557  get audio|use local  
[2021/11/02 23:03:29 407] tts        599  0  nil  1  
[2021/11/02 23:03:29 408] tts        792  TTS_MSG_GETAUDIO  0  
[2021/11/02 23:03:29 408] tts        557  get audio|use local  
[2021/11/02 23:03:29 408] tts        599  0  nil  1  
[2021/11/02 23:03:29 408] tts        792  TTS_MSG_GETAUDIO  0  
[2021/11/02 23:03:29 408] tts        557  get audio|use local  
[2021/11/02 23:03:29 408] tts        599  0  nil  1  
[2021/11/02 23:03:29 408] tts        792  TTS_MSG_GETAUDIO  0  
[2021/11/02 23:03:29 408] tts        557  get audio|use local  
[2021/11/02 23:03:29 408] tts        599  0  nil  1  
[2021/11/02 23:03:29 410] tts        792  TTS_MSG_GETAUDIO  0  
[2021/11/02 23:03:29 410] tts        557  get audio|use local  
[2021/11/02 23:03:29 410] tts        599  0  nil  1  
[2021/11/02 23:03:29 410] tts        792  TTS_MSG_GETAUDIO  0  
[2021/11/02 23:03:29 410] tts        557  get audio|use local  
[2021/11/02 23:03:29 410] tts        599  0  nil  1  
[2021/11/02 23:03:29 410] tts        792  TTS_MSG_GETAUDIO  0  
[2021/11/02 23:03:29 410] tts        557  get audio|use local  
[2021/11/02 23:03:29 410] tts        599  0  nil  1  
[2021/11/02 23:03:29 410] tts        792  TTS_MSG_GETAUDIO  0  
[2021/11/02 23:03:29 411] tts        557  get audio|use local  
[2021/11/02 23:03:29 411] tts        599  0  nil  1  
[2021/11/02 23:03:29 411] tts        792  TTS_MSG_GETAUDIO  0  
[2021/11/02 23:03:29 411] tts        557  get audio|use local  
[2021/11/02 23:03:29 411] tts        599  0  nil  1  
[2021/11/02 23:03:29 411] tts        792  TTS_MSG_GETAUDIO  0  
[2021/11/02 23:03:29 411] tts        557  get audio|use local  
[2021/11/02 23:03:29 411] tts        599  0  nil  1  
[2021/11/02 23:03:29 411] tts        792  TTS_MSG_GETAUDIO  0  
[2021/11/02 23:03:29 411] tts        557  get audio|use local  
[2021/11/02 23:03:29 411] tts        599  0  nil  1  
[2021/11/02 23:03:29 411] tts        792  TTS_MSG_GETAUDIO  0  
[2021/11/02 23:03:29 411] tts        557  get audio|use local  
[2021/11/02 23:03:29 411] tts        599  0  nil  1  
[2021/11/02 23:03:29 411] tts        792  TTS_MSG_GETAUDIO  0  
[2021/11/02 23:03:29 411] tts        557  get audio|use local  
[2021/11/02 23:03:29 411] tts        599  0  nil  1  
[2021/11/02 23:03:29 413] tts        792  TTS_MSG_GETAUDIO  0  
[2021/11/02 23:03:29 413] tts        557  get audio|use local  
[2021/11/02 23:03:29 413] tts        599  0  nil  1  
[2021/11/02 23:03:29 413] tts        792  TTS_MSG_GETAUDIO  0  
[2021/11/02 23:03:29 413] tts        557  get audio|use local  
[2021/11/02 23:03:29 413] tts        599  0  nil  1  
[2021/11/02 23:03:29 414] tts        792  TTS_MSG_GETAUDIO  0  
[2021/11/02 23:03:29 414] tts        557  get audio|use local  
[2021/11/02 23:03:29 414] tts        599  0  nil  1  
[2021/11/02 23:03:29 414] tts        792  TTS_MSG_GETAUDIO  0  
[2021/11/02 23:03:29 414] tts        557  get audio|use local  
[2021/11/02 23:03:29 414] tts        599  0  nil  1  
[2021/11/02 23:03:29 414] tts        792  TTS_MSG_GETAUDIO  0  
[2021/11/02 23:03:29 414] tts        557  get audio|use local  
[2021/11/02 23:03:29 414] tts        599  0  nil  1  
[2021/11/02 23:03:29 415] tts        792  TTS_MSG_GETAUDIO  0  
[2021/11/02 23:03:29 415] tts        557  get audio|use local  
[2021/11/02 23:03:29 415] tts        599  0  nil  1  
[2021/11/02 23:03:29 415] tts        792  TTS_MSG_GETAUDIO  0  
[2021/11/02 23:03:29 417] tts        557  get audio|use local  
[2021/11/02 23:03:29 417] tts        599  0  nil  1  
[2021/11/02 23:03:29 417] tts        792  TTS_MSG_GETAUDIO  0  
[2021/11/02 23:03:29 417] tts        557  get audio|use local  
[2021/11/02 23:03:29 417] tts        599  0  nil  1  
[2021/11/02 23:03:29 417] tts        792  TTS_MSG_GETAUDIO  0  
[2021/11/02 23:03:29 417] tts        557  get audio|use local  
[2021/11/02 23:03:29 417] tts        599  0  nil  1  
[2021/11/02 23:03:29 418] tts        792  TTS_MSG_GETAUDIO  0  
[2021/11/02 23:03:29 418] tts        557  get audio|use local  
[2021/11/02 23:03:29 418] tts        599  0  nil  1  
[2021/11/02 23:03:29 418] tts        792  TTS_MSG_GETAUDIO  0  
[2021/11/02 23:03:29 418] tts        557  get audio|use local  
[2021/11/02 23:03:29 418] tts        599  0  nil  1  
[2021/11/02 23:03:29 420] tts        792  TTS_MSG_GETAUDIO  0  
[2021/11/02 23:03:29 420] tts        557  get audio|use local  
[2021/11/02 23:03:29 420] tts        599  0  nil  1  
[2021/11/02 23:03:29 420] tts        792  TTS_MSG_GETAUDIO  0  
[2021/11/02 23:03:29 420] tts        557  get audio|use local  
[2021/11/02 23:03:29 420] tts        599  0  nil  1  
[2021/11/02 23:03:29 421] tts        792  TTS_MSG_GETAUDIO  0  
[2021/11/02 23:03:29 421] tts        557  get audio|use local  
[2021/11/02 23:03:29 421] tts        599  0  nil  1  
[2021/11/02 23:03:29 421] tts        792  TTS_MSG_GETAUDIO  0  
[2021/11/02 23:03:29 421] tts        557  get audio|use local  
[2021/11/02 23:03:29 421] tts        599  0  nil  1  
[2021/11/02 23:03:29 421] tts        792  TTS_MSG_GETAUDIO  0  
[2021/11/02 23:03:29 421] tts        557  get audio|use local  
[2021/11/02 23:03:29 421] tts        599  0  nil  1  
[2021/11/02 23:03:29 421] tts        792  TTS_MSG_GETAUDIO  0  
[2021/11/02 23:03:29 421] tts        557  get audio|use local  
[2021/11/02 23:03:29 421] tts        599  0  nil  1  
[2021/11/02 23:03:29 421] tts        792  TTS_MSG_GETAUDIO  0  
[2021/11/02 23:03:29 421] tts        557  get audio|use local  
[2021/11/02 23:03:29 421] tts        599  0  nil  1  
[2021/11/02 23:03:29 421] tts        792  TTS_MSG_GETAUDIO  0  
[2021/11/02 23:03:29 421] tts        557  get audio|use local  
[2021/11/02 23:03:29 421] tts        599  0  nil  1  
[2021/11/02 23:03:29 423] tts        792  TTS_MSG_GETAUDIO  0  
[2021/11/02 23:03:29 423] tts        557  get audio|use local  
[2021/11/02 23:03:29 423] tts        599  0  nil  1  
[2021/11/02 23:03:29 424] tts        301  TTS_LOCAL_CB_BEGIN  
[2021/11/02 23:03:29 424] tts        317  TTS_LOCAL_CB_OUTPUT  101  udata(259a5348) 8  
[2021/11/02 23:03:29 424] tts        321  udata(259a5348) 8  
[2021/11/02 23:03:29 424] tts        317  TTS_LOCAL_CB_OUTPUT  101  udata(259a44e8) 8  
[2021/11/02 23:03:29 424] tts        321  udata(259a44e8) 8  
[2021/11/02 23:03:29 424] tts        317  TTS_LOCAL_CB_OUTPUT  101  udata(259a4218) 8  
[2021/11/02 23:03:29 424] tts        321  udata(259a4218) 8  
[2021/11/02 23:03:29 426] tts        317  TTS_LOCAL_CB_OUTPUT  101  udata(259a4538) 8  
[2021/11/02 23:03:29 426] tts        321  udata(259a4538) 8  
[2021/11/02 23:03:29 426] tts        317  TTS_LOCAL_CB_OUTPUT  101  udata(259a46c8) 8  
[2021/11/02 23:03:29 426] tts        321  udata(259a46c8) 8  
[2021/11/02 23:03:29 427] tts        317  TTS_LOCAL_CB_OUTPUT  101  udata(259a4cb8) 8  
[2021/11/02 23:03:29 427] tts        321  udata(259a4cb8) 8  
[2021/11/02 23:03:29 427] tts        317  TTS_LOCAL_CB_OUTPUT  101  udata(259a4ad8) 8  
[2021/11/02 23:03:29 427] tts        321  udata(259a4ad8) 8  
[2021/11/02 23:03:29 427] tts        317  TTS_LOCAL_CB_OUTPUT  101  udata(259a4d58) 8  
[2021/11/02 23:03:29 427] tts        321  udata(259a4d58) 8  
[2021/11/02 23:03:29 428] tts        317  TTS_LOCAL_CB_OUTPUT  101  udata(259a5028) 8  
[2021/11/02 23:03:29 428] tts        321  udata(259a5028) 8  
[2021/11/02 23:03:29 428] tts        792  TTS_MSG_GETAUDIO  0  
[2021/11/02 23:03:29 428] tts        557  get audio|use local  
[2021/11/02 23:03:29 430] tts        570  local audiolen:  214  ,ced:  8  
[2021/11/02 23:03:29 430] tts        599  0  udata(259a57f8) 1  
[2021/11/02 23:03:29 430] tts        317  TTS_LOCAL_CB_OUTPUT  101  udata(259a55c8) 8  
[2021/11/02 23:03:29 430] tts        321  udata(259a55c8) 8  
[2021/11/02 23:03:29 430] tts        317  TTS_LOCAL_CB_OUTPUT  101  udata(259a57a8) 8  
[2021/11/02 23:03:29 430] tts        321  udata(259a57a8) 8  
[2021/11/02 23:03:29 431] tts        317  TTS_LOCAL_CB_OUTPUT  101  udata(259a5528) 8  
[2021/11/02 23:03:29 431] tts        321  udata(259a5528) 8  
[2021/11/02 23:03:29 431] tts        317  TTS_LOCAL_CB_OUTPUT  101  udata(259a56b8) 8  
[2021/11/02 23:03:29 431] tts        321  udata(259a56b8) 8  
[2021/11/02 23:03:29 433] tts        792  TTS_MSG_GETAUDIO  0  
[2021/11/02 23:03:29 433] tts        557  get audio|use local  
[2021/11/02 23:03:29 433] tts        570  local audiolen:  7412  ,ced:  8  
[2021/11/02 23:03:29 433] tts        599  0  udata(25a8c738) 1  
[2021/11/02 23:03:29 433] tts        317  TTS_LOCAL_CB_OUTPUT  101  udata(25a8c7d8) 8  
[2021/11/02 23:03:29 434] tts        321  udata(25a8c7d8) 8  
[2021/11/02 23:03:29 434] tts        317  TTS_LOCAL_CB_OUTPUT  101  udata(25a8c3c8) 8  
[2021/11/02 23:03:29 434] tts        321  udata(25a8c3c8) 8  
[2021/11/02 23:03:29 434] tts        317  TTS_LOCAL_CB_OUTPUT  101  udata(25a8cf58) 8  
[2021/11/02 23:03:29 434] tts        321  udata(25a8cf58) 8  
[2021/11/02 23:03:29 434] tts        317  TTS_LOCAL_CB_OUTPUT  101  udata(25a8bc48) 8  
[2021/11/02 23:03:29 434] tts        321  udata(25a8bc48) 8  
[2021/11/02 23:03:29 436] tts        792  TTS_MSG_GETAUDIO  0  
[2021/11/02 23:03:29 436] tts        557  get audio|use local  
[2021/11/02 23:03:29 436] tts        570  local audiolen:  6444  ,ced:  8  
[2021/11/02 23:03:29 436] tts        599  0  udata(25a8bce8) 1  
[2021/11/02 23:03:29 437] tts        317  TTS_LOCAL_CB_OUTPUT  101  udata(25a8c558) 8  
[2021/11/02 23:03:29 437] tts        321  udata(25a8c558) 8  
[2021/11/02 23:03:29 437] tts        317  TTS_LOCAL_CB_OUTPUT  101  udata(25a8c968) 8  
[2021/11/02 23:03:29 437] tts        321  udata(25a8c968) 8  
[2021/11/02 23:03:29 437] tts        317  TTS_LOCAL_CB_OUTPUT  101  udata(25a8bdd8) 8  
[2021/11/02 23:03:29 437] tts        321  udata(25a8bdd8) 8  
[2021/11/02 23:03:29 437] tts        317  TTS_LOCAL_CB_OUTPUT  101  udata(25a8ce68) 8  
[2021/11/02 23:03:29 437] tts        321  udata(25a8ce68) 8  
[2021/11/02 23:03:29 438] tts        317  TTS_LOCAL_CB_OUTPUT  101  udata(25a8bf18) 8  
[2021/11/02 23:03:29 438] tts        321  udata(25a8bf18) 8  
[2021/11/02 23:03:29 438] tts        317  TTS_LOCAL_CB_OUTPUT  101  udata(25a8d368) 8  
[2021/11/02 23:03:29 438] tts        321  udata(25a8d368) 8  
[2021/11/02 23:03:29 438] tts        317  TTS_LOCAL_CB_OUTPUT  101  udata(25a8d458) 8  
[2021/11/02 23:03:29 438] tts        321  udata(25a8d458) 8  
[2021/11/02 23:03:29 440] tts        317  TTS_LOCAL_CB_OUTPUT  101  udata(25a8d908) 8  
[2021/11/02 23:03:29 440] tts        321  udata(25a8d908) 8  
[2021/11/02 23:03:29 440] tts        317  TTS_LOCAL_CB_OUTPUT  101  udata(25a8dae8) 8  
[2021/11/02 23:03:29 440] tts        321  udata(25a8dae8) 8  
[2021/11/02 23:03:29 440] tts        317  TTS_LOCAL_CB_OUTPUT  101  udata(25a8def8) 8  
[2021/11/02 23:03:29 440] tts        321  udata(25a8def8) 8  
[2021/11/02 23:03:29 440] tts        317  TTS_LOCAL_CB_OUTPUT  101  udata(25a8eb78) 8  
[2021/11/02 23:03:29 440] tts        321  udata(25a8eb78) 8  
[2021/11/02 23:03:29 441] tts        317  TTS_LOCAL_CB_OUTPUT  101  udata(25a5eef8) 8  
[2021/11/02 23:03:29 441] tts        321  udata(25a5eef8) 8  
[2021/11/02 23:03:29 441] tts        317  TTS_LOCAL_CB_OUTPUT  101  udata(23570ec8) 8  
[2021/11/02 23:03:29 441] tts        321  udata(23570ec8) 8  
[2021/11/02 23:03:29 443] tts        317  TTS_LOCAL_CB_OUTPUT  101  udata(25ac4548) 8  
[2021/11/02 23:03:29 443] tts        321  udata(25ac4548) 8  
[2021/11/02 23:03:29 443] tts        317  TTS_LOCAL_CB_OUTPUT  101  udata(25ac4e58) 8  
[2021/11/02 23:03:29 443] tts        321  udata(25ac4e58) 8  
[2021/11/02 23:03:29 444] tts        317  TTS_LOCAL_CB_OUTPUT  101  udata(25ac4a48) 8  
[2021/11/02 23:03:29 444] tts        321  udata(25ac4a48) 8  
[2021/11/02 23:03:29 444] tts        792  TTS_MSG_GETAUDIO  0  
[2021/11/02 23:03:29 444] tts        557  get audio|use local  
[2021/11/02 23:03:29 444] tts        570  local audiolen:  7208  ,ced:  8  
[2021/11/02 23:03:29 444] tts        599  0  udata(25ac4d18) 1  
[2021/11/02 23:03:29 444] tts        317  TTS_LOCAL_CB_OUTPUT  101  udata(25ac4b38) 8  
[2021/11/02 23:03:29 444] tts        321  udata(25ac4b38) 8  
[2021/11/02 23:03:29 446] tts        317  TTS_LOCAL_CB_OUTPUT  101  udata(25ac43b8) 8  
[2021/11/02 23:03:29 446] tts        321  udata(25ac43b8) 8  
[2021/11/02 23:03:29 446] tts        317  TTS_LOCAL_CB_OUTPUT  101  udata(25ac53a8) 8  
[2021/11/02 23:03:29 446] tts        321  udata(25ac53a8) 8  
[2021/11/02 23:03:29 446] tts        317  TTS_LOCAL_CB_OUTPUT  101  udata(25ac5268) 22  
[2021/11/02 23:03:29 446] tts        321  udata(25ac5268) 22  
[2021/11/02 23:03:29 447] tts        317  TTS_LOCAL_CB_OUTPUT  101  udata(25ac4a98) 22  
[2021/11/02 23:03:29 447] tts        321  udata(25ac4a98) 22  
[2021/11/02 23:03:29 447] tts        317  TTS_LOCAL_CB_OUTPUT  101  udata(25ac4908) 22  
[2021/11/02 23:03:29 447] tts        321  udata(25ac4908) 22  
[2021/11/02 23:03:29 447] tts        317  TTS_LOCAL_CB_OUTPUT  101  udata(25ac5448) 22  
[2021/11/02 23:03:29 447] tts        321  udata(25ac5448) 22  
[2021/11/02 23:03:29 447] tts        317  TTS_LOCAL_CB_OUTPUT  101  udata(25ac51c8) 22  
[2021/11/02 23:03:29 447] tts        321  udata(25ac51c8) 22  
[2021/11/02 23:03:29 448] tts        317  TTS_LOCAL_CB_OUTPUT  101  udata(25ac54e8) 22  
[2021/11/02 23:03:29 448] tts        321  udata(25ac54e8) 22  
[2021/11/02 23:03:29 448] tts        317  TTS_LOCAL_CB_OUTPUT  101  udata(25ac4638) 22  
[2021/11/02 23:03:29 448] tts        321  udata(25ac4638) 22  
[2021/11/02 23:03:29 450] tts        317  TTS_LOCAL_CB_OUTPUT  101  udata(25ac4ea8) 22  
[2021/11/02 23:03:29 450] tts        321  udata(25ac4ea8) 22  
[2021/11/02 23:03:29 450] tts        317  TTS_LOCAL_CB_OUTPUT  101  udata(25ac4ae8) 22  
[2021/11/02 23:03:29 450] tts        321  udata(25ac4ae8) 22  
[2021/11/02 23:03:29 450] tts        792  TTS_MSG_GETAUDIO  0  
[2021/11/02 23:03:29 450] tts        557  get audio|use local  
[2021/11/02 23:03:29 450] tts        570  local audiolen:  12338  ,ced:  8  
[2021/11/02 23:03:29 450] tts        599  0  udata(25ac49f8) 1  
[2021/11/02 23:03:29 450] tts        317  TTS_LOCAL_CB_OUTPUT  101  udata(25ac4f48) 22  
[2021/11/02 23:03:29 451] tts        321  udata(25ac4f48) 22  
[2021/11/02 23:03:29 451] tts        317  TTS_LOCAL_CB_OUTPUT  101  udata(25ac42c8) 22  
[2021/11/02 23:03:29 451] tts        321  udata(25ac42c8) 22  
[2021/11/02 23:03:29 454] tts        317  TTS_LOCAL_CB_OUTPUT  101  udata(25ac4458) 22  
[2021/11/02 23:03:29 456] tts        321  udata(25ac4458) 22  
[2021/11/02 23:03:29 457] tts        317  TTS_LOCAL_CB_OUTPUT  101  udata(25ac4db8) 22  
[2021/11/02 23:03:29 457] tts        321  udata(25ac4db8) 22  
[2021/11/02 23:03:29 459] tts        792  TTS_MSG_GETAUDIO  0  
[2021/11/02 23:03:29 459] tts        557  get audio|use local  
[2021/11/02 23:03:29 459] tts        570  local audiolen:  512  ,ced:  8  
[2021/11/02 23:03:29 459] tts        599  0  udata(25ac4e08) 1  
[2021/11/02 23:03:29 460] tts        317  TTS_LOCAL_CB_OUTPUT  101  udata(25ac60c8) 22  
[2021/11/02 23:03:29 460] tts        321  udata(25ac60c8) 22  
[2021/11/02 23:03:29 460] tts        317  TTS_LOCAL_CB_OUTPUT  101  udata(25ac5628) 22  
[2021/11/02 23:03:29 460] tts        321  udata(25ac5628) 22  
[2021/11/02 23:03:29 460] tts        317  TTS_LOCAL_CB_OUTPUT  101  udata(25ac5d08) 22  
[2021/11/02 23:03:29 461] tts        321  udata(25ac5d08) 22  
[2021/11/02 23:03:29 461] tts        317  TTS_LOCAL_CB_OUTPUT  101  udata(25ac6028) 22  
[2021/11/02 23:03:29 461] tts        321  udata(25ac6028) 22  
[2021/11/02 23:03:29 463] tts        792  TTS_MSG_GETAUDIO  0  
[2021/11/02 23:03:29 463] tts        557  get audio|use local  
[2021/11/02 23:03:29 463] tts        570  local audiolen:  512  ,ced:  8  
[2021/11/02 23:03:29 463] tts        599  0  udata(25ac5678) 1  
[2021/11/02 23:03:29 463] tts        317  TTS_LOCAL_CB_OUTPUT  101  udata(25ac5c68) 22  
[2021/11/02 23:03:29 463] tts        321  udata(25ac5c68) 22  
[2021/11/02 23:03:29 464] tts        317  TTS_LOCAL_CB_OUTPUT  101  udata(235ce278) 22  
[2021/11/02 23:03:29 464] tts        321  udata(235ce278) 22  
[2021/11/02 23:03:29 464] tts        317  TTS_LOCAL_CB_OUTPUT  101  udata(235cb118) 22  
[2021/11/02 23:03:29 464] tts        321  udata(235cb118) 22  
[2021/11/02 23:03:29 466] tts        317  TTS_LOCAL_CB_OUTPUT  101  udata(235cb4d8) 22  
[2021/11/02 23:03:29 466] tts        321  udata(235cb4d8) 22  
[2021/11/02 23:03:29 466] tts        317  TTS_LOCAL_CB_OUTPUT  101  udata(235ce4a8) 22  
[2021/11/02 23:03:29 466] tts        321  udata(235ce4a8) 22  
[2021/11/02 23:03:29 467] tts        317  TTS_LOCAL_CB_OUTPUT  101  udata(235cf448) 22  
[2021/11/02 23:03:29 467] tts        321  udata(235cf448) 22  
[2021/11/02 23:03:29 467] tts        317  TTS_LOCAL_CB_OUTPUT  101  udata(235cf3a8) 22  
[2021/11/02 23:03:29 467] tts        321  udata(235cf3a8) 22  
[2021/11/02 23:03:29 467] tts        317  TTS_LOCAL_CB_OUTPUT  101  udata(235cb208) 22  
[2021/11/02 23:03:29 467] tts        321  udata(235cb208) 22  
[2021/11/02 23:03:29 469] tts        792  TTS_MSG_GETAUDIO  0  
[2021/11/02 23:03:29 469] tts        557  get audio|use local  
[2021/11/02 23:03:29 469] tts        570  local audiolen:  512  ,ced:  8  
[2021/11/02 23:03:29 469] tts        599  0  udata(235cb8e8) 1  
[2021/11/02 23:03:29 470] tts        317  TTS_LOCAL_CB_OUTPUT  101  udata(235cf588) 22  
[2021/11/02 23:03:29 470] tts        321  udata(235cf588) 22  
[2021/11/02 23:03:29 470] tts        317  TTS_LOCAL_CB_OUTPUT  101  udata(235cef98) 22  
[2021/11/02 23:03:29 470] tts        321  udata(235cef98) 22  
[2021/11/02 23:03:29 470] tts        317  TTS_LOCAL_CB_OUTPUT  101  udata(235d06b8) 22  
[2021/11/02 23:03:29 470] tts        321  udata(235d06b8) 22  
[2021/11/02 23:03:29 470] tts        317  TTS_LOCAL_CB_OUTPUT  101  udata(235cb0c8) 22  
[2021/11/02 23:03:29 471] tts        321  udata(235cb0c8) 22  
[2021/11/02 23:03:29 471] tts        317  TTS_LOCAL_CB_OUTPUT  101  udata(235caee8) 22  
[2021/11/02 23:03:29 471] tts        321  udata(235caee8) 22  
[2021/11/02 23:03:29 471] tts        317  TTS_LOCAL_CB_OUTPUT  101  udata(235cb438) 36  
[2021/11/02 23:03:29 471] tts        321  udata(235cb438) 36  
[2021/11/02 23:03:29 473] tts        317  TTS_LOCAL_CB_OUTPUT  101  udata(235cae48) 36  
[2021/11/02 23:03:29 473] tts        321  udata(235cae48) 36  
[2021/11/02 23:03:29 473] tts        317  TTS_LOCAL_CB_OUTPUT  101  udata(235cabc8) 36  
[2021/11/02 23:03:29 473] tts        321  udata(235cabc8) 36  
[2021/11/02 23:03:29 473] tts        317  TTS_LOCAL_CB_OUTPUT  101  udata(235ca768) 36  
[2021/11/02 23:03:29 473] tts        321  udata(235ca768) 36  
[2021/11/02 23:03:29 473] tts        317  TTS_LOCAL_CB_OUTPUT  101  udata(235cb2a8) 36  
[2021/11/02 23:03:29 473] tts        321  udata(235cb2a8) 36  
[2021/11/02 23:03:29 474] tts        792  TTS_MSG_GETAUDIO  0  
[2021/11/02 23:03:29 474] tts        557  get audio|use local  
[2021/11/02 23:03:29 474] tts        570  local audiolen:  512  ,ced:  8  
[2021/11/02 23:03:29 474] tts        599  0  udata(235caf38) 1  
[2021/11/02 23:03:29 476] tts        317  TTS_LOCAL_CB_OUTPUT  101  udata(235cb3e8) 36  
[2021/11/02 23:03:29 476] tts        321  udata(235cb3e8) 36  
[2021/11/02 23:03:29 476] tts        317  TTS_LOCAL_CB_OUTPUT  101  udata(235ca9e8) 36  
[2021/11/02 23:03:29 476] tts        321  udata(235ca9e8) 36  
[2021/11/02 23:03:29 476] tts        317  TTS_LOCAL_CB_OUTPUT  101  udata(235ca678) 36  
[2021/11/02 23:03:29 476] tts        321  udata(235ca678) 36  
[2021/11/02 23:03:29 476] tts        317  TTS_LOCAL_CB_OUTPUT  101  udata(235ca5d8) 36  
[2021/11/02 23:03:29 476] tts        321  udata(235ca5d8) 36  
[2021/11/02 23:03:29 477] tts        317  TTS_LOCAL_CB_OUTPUT  101  udata(235cb488) 36  
[2021/11/02 23:03:29 477] tts        321  udata(235cb488) 36  
[2021/11/02 23:03:29 477] tts        792  TTS_MSG_GETAUDIO  0  
[2021/11/02 23:03:29 477] tts        557  get audio|use local  
[2021/11/02 23:03:29 479] tts        570  local audiolen:  512  ,ced:  8  
[2021/11/02 23:03:29 479] tts        599  0  udata(235cb528) 1  
[2021/11/02 23:03:29 479] tts        317  TTS_LOCAL_CB_OUTPUT  101  udata(235cb578) 36  
[2021/11/02 23:03:29 479] tts        321  udata(235cb578) 36  
[2021/11/02 23:03:29 480] tts        317  TTS_LOCAL_CB_OUTPUT  101  udata(235cb618) 36  
[2021/11/02 23:03:29 480] tts        321  udata(235cb618) 36  
[2021/11/02 23:03:29 480] tts        317  TTS_LOCAL_CB_OUTPUT  101  udata(235ca6c8) 36  
[2021/11/02 23:03:29 480] tts        321  udata(235ca6c8) 36  
[2021/11/02 23:03:29 480] tts        317  TTS_LOCAL_CB_OUTPUT  101  udata(235cada8) 36  
[2021/11/02 23:03:29 480] tts        321  udata(235cada8) 36  
[2021/11/02 23:03:29 480] tts        317  TTS_LOCAL_CB_OUTPUT  101  udata(235caad8) 36  
[2021/11/02 23:03:29 480] tts        321  udata(235caad8) 36  
[2021/11/02 23:03:29 482] tts        792  TTS_MSG_GETAUDIO  0  
[2021/11/02 23:03:29 482] tts        557  get audio|use local  
[2021/11/02 23:03:29 482] tts        570  local audiolen:  512  ,ced:  8  
[2021/11/02 23:03:29 482] tts        599  0  udata(235cbf28) 1  
[2021/11/02 23:03:29 483] tts        317  TTS_LOCAL_CB_OUTPUT  101  udata(235cc298) 36  
[2021/11/02 23:03:29 483] tts        321  udata(235cc298) 36  
[2021/11/02 23:03:29 483] tts        317  TTS_LOCAL_CB_OUTPUT  101  udata(235ccd38) 36  
[2021/11/02 23:03:29 483] tts        321  udata(235ccd38) 36  
[2021/11/02 23:03:29 483] tts        317  TTS_LOCAL_CB_OUTPUT  101  udata(235cc568) 36  
[2021/11/02 23:03:29 483] tts        321  udata(235cc568) 36  
[2021/11/02 23:03:29 483] tts        317  TTS_LOCAL_CB_OUTPUT  101  udata(235cc978) 36  
[2021/11/02 23:03:29 483] tts        321  udata(235cc978) 36  
[2021/11/02 23:03:29 484] tts        792  TTS_MSG_GETAUDIO  0  
[2021/11/02 23:03:29 484] tts        557  get audio|use local  
[2021/11/02 23:03:29 484] tts        570  local audiolen:  512  ,ced:  8  
[2021/11/02 23:03:29 484] tts        599  0  udata(235cbfc8) 1  
[2021/11/02 23:03:29 484] tts        317  TTS_LOCAL_CB_OUTPUT  101  udata(235cc888) 36  
[2021/11/02 23:03:29 486] tts        321  udata(235cc888) 36  
[2021/11/02 23:03:29 486] tts        317  TTS_LOCAL_CB_OUTPUT  101  udata(235cbc08) 36  
[2021/11/02 23:03:29 486] tts        321  udata(235cbc08) 36  
[2021/11/02 23:03:29 486] tts        317  TTS_LOCAL_CB_OUTPUT  101  udata(235cba78) 36  
[2021/11/02 23:03:29 486] tts        321  udata(235cba78) 36  
[2021/11/02 23:03:29 486] tts        317  TTS_LOCAL_CB_OUTPUT  101  udata(235cc928) 36  
[2021/11/02 23:03:29 486] tts        321  udata(235cc928) 36  
[2021/11/02 23:03:29 486] tts        317  TTS_LOCAL_CB_OUTPUT  101  udata(235cbc58) 36  
[2021/11/02 23:03:29 486] tts        321  udata(235cbc58) 36  
[2021/11/02 23:03:29 486] tts        317  TTS_LOCAL_CB_OUTPUT  101  udata(235ccbf8) 36  
[2021/11/02 23:03:29 486] tts        321  udata(235ccbf8) 36  
[2021/11/02 23:03:29 487] tts        317  TTS_LOCAL_CB_OUTPUT  101  udata(235cc428) 36  
[2021/11/02 23:03:29 487] tts        321  udata(235cc428) 36  
[2021/11/02 23:03:29 487] tts        317  TTS_LOCAL_CB_OUTPUT  101  udata(235cbd48) 36  
[2021/11/02 23:03:29 487] tts        321  udata(235cbd48) 36  
[2021/11/02 23:03:29 487] tts        317  TTS_LOCAL_CB_OUTPUT  101  udata(235cc0b8) 36  
[2021/11/02 23:03:29 489] tts        321  udata(235cc0b8) 36  
[2021/11/02 23:03:29 489] tts        317  TTS_LOCAL_CB_OUTPUT  101  udata(235cbbb8) 36  
[2021/11/02 23:03:29 489] tts        321  udata(235cbbb8) 36  
[2021/11/02 23:03:29 489] tts        317  TTS_LOCAL_CB_OUTPUT  101  udata(235cc6a8) 36  
[2021/11/02 23:03:29 489] tts        321  udata(235cc6a8) 36  
[2021/11/02 23:03:29 490] tts        317  TTS_LOCAL_CB_OUTPUT  101  udata(235cc3d8) 52  
[2021/11/02 23:03:29 490] tts        321  udata(235cc3d8) 52  
[2021/11/02 23:03:29 490] tts        317  TTS_LOCAL_CB_OUTPUT  101  udata(235cbde8) 52  
[2021/11/02 23:03:29 490] tts        321  udata(235cbde8) 52  
[2021/11/02 23:03:29 490] tts        317  TTS_LOCAL_CB_OUTPUT  101  udata(235cc7e8) 52  
[2021/11/02 23:03:29 490] tts        321  udata(235cc7e8) 52  
[2021/11/02 23:03:29 490] tts        792  TTS_MSG_GETAUDIO  0  
[2021/11/02 23:03:29 490] tts        557  get audio|use local  
[2021/11/02 23:03:29 490] tts        570  local audiolen:  512  ,ced:  8  
[2021/11/02 23:03:29 490] tts        599  0  udata(235cba28) 1  
[2021/11/02 23:03:29 492] tts        792  TTS_MSG_GETAUDIO  0  
[2021/11/02 23:03:29 492] tts        557  get audio|use local  
[2021/11/02 23:03:29 492] tts        570  local audiolen:  512  ,ced:  8  
[2021/11/02 23:03:29 492] tts        599  0  udata(235cbe88) 1  
[2021/11/02 23:03:29 492] tts        317  TTS_LOCAL_CB_OUTPUT  101  udata(235cc158) 52  
[2021/11/02 23:03:29 492] tts        321  udata(235cc158) 52  
[2021/11/02 23:03:29 493] tts        317  TTS_LOCAL_CB_OUTPUT  101  udata(235cd788) 52  
[2021/11/02 23:03:29 493] tts        321  udata(235cd788) 52  
[2021/11/02 23:03:29 493] tts        317  TTS_LOCAL_CB_OUTPUT  101  udata(235cce78) 52  
[2021/11/02 23:03:29 493] tts        321  udata(235cce78) 52  
[2021/11/02 23:03:29 493] tts        317  TTS_LOCAL_CB_OUTPUT  101  udata(235ccec8) 52  
[2021/11/02 23:03:29 493] tts        321  udata(235ccec8) 52  
[2021/11/02 23:03:29 493] tts        317  TTS_LOCAL_CB_OUTPUT  101  udata(235ccdd8) 52  
[2021/11/02 23:03:29 493] tts        321  udata(235ccdd8) 52  
[2021/11/02 23:03:29 493] tts        317  TTS_LOCAL_CB_OUTPUT  101  udata(235ce0e8) 52  
[2021/11/02 23:03:29 493] tts        321  udata(235ce0e8) 52  
[2021/11/02 23:03:29 494] tts        317  TTS_LOCAL_CB_OUTPUT  101  udata(235cdb48) 52  
[2021/11/02 23:03:29 494] tts        321  udata(235cdb48) 52  
[2021/11/02 23:03:29 494] tts        317  TTS_LOCAL_CB_OUTPUT  101  udata(235cde18) 52  
[2021/11/02 23:03:29 494] tts        321  udata(235cde18) 52  
[2021/11/02 23:03:29 494] tts        317  TTS_LOCAL_CB_OUTPUT  101  udata(235cdb98) 52  
[2021/11/02 23:03:29 494] tts        321  udata(235cdb98) 52  
[2021/11/02 23:03:29 496] tts        317  TTS_LOCAL_CB_OUTPUT  101  udata(235cd4b8) 52  
[2021/11/02 23:03:29 496] tts        321  udata(235cd4b8) 52  
[2021/11/02 23:03:29 496] tts        317  TTS_LOCAL_CB_OUTPUT  101  udata(235cd058) 52  
[2021/11/02 23:03:29 496] tts        321  udata(235cd058) 52  
[2021/11/02 23:03:29 496] tts        317  TTS_LOCAL_CB_OUTPUT  101  udata(235cce28) 52  
[2021/11/02 23:03:29 496] tts        321  udata(235cce28) 52  
[2021/11/02 23:03:29 496] tts        317  TTS_LOCAL_CB_OUTPUT  101  udata(235cd238) 52  
[2021/11/02 23:03:29 496] tts        321  udata(235cd238) 52  
[2021/11/02 23:03:29 496] tts        317  TTS_LOCAL_CB_OUTPUT  101  udata(235cdfa8) 52  
[2021/11/02 23:03:29 496] tts        321  udata(235cdfa8) 52  
[2021/11/02 23:03:29 496] tts        792  TTS_MSG_GETAUDIO  0  
[2021/11/02 23:03:29 497] tts        557  get audio|use local  
[2021/11/02 23:03:29 497] tts        570  local audiolen:  512  ,ced:  8  
[2021/11/02 23:03:29 497] tts        599  0  udata(235cdaa8) 1  
[2021/11/02 23:03:29 499] tts        317  TTS_LOCAL_CB_OUTPUT  101  udata(235ccfb8) 52  
[2021/11/02 23:03:29 499] tts        321  udata(235ccfb8) 52  
[2021/11/02 23:03:29 499] tts        317  TTS_LOCAL_CB_OUTPUT  101  udata(235cd878) 52  
[2021/11/02 23:03:29 499] tts        321  udata(235cd878) 52  
[2021/11/02 23:03:29 499] tts        317  TTS_LOCAL_CB_OUTPUT  101  udata(235cd288) 52  
[2021/11/02 23:03:29 499] tts        321  udata(235cd288) 52  
[2021/11/02 23:03:29 500] tts        317  TTS_LOCAL_CB_OUTPUT  101  udata(235ce048) 52  
[2021/11/02 23:03:29 500] tts        321  udata(235ce048) 52  
[2021/11/02 23:03:29 500] tts        317  TTS_LOCAL_CB_OUTPUT  101  udata(235cd1e8) 52  
[2021/11/02 23:03:29 500] tts        321  udata(235cd1e8) 52  
[2021/11/02 23:03:29 500] tts        317  TTS_LOCAL_CB_OUTPUT  101  udata(235cdaf8) 52  
[2021/11/02 23:03:29 500] tts        321  udata(235cdaf8) 52  
[2021/11/02 23:03:29 500] tts        317  TTS_LOCAL_CB_OUTPUT  101  udata(235cdff8) 52  
[2021/11/02 23:03:29 500] tts        321  udata(235cdff8) 52  
[2021/11/02 23:03:29 500] tts        317  TTS_LOCAL_CB_OUTPUT  101  udata(235cdd78) 52  
[2021/11/02 23:03:29 500] tts        321  udata(235cdd78) 52  
[2021/11/02 23:03:29 500] tts        317  TTS_LOCAL_CB_OUTPUT  101  udata(235ce408) 52  
[2021/11/02 23:03:29 502] tts        321  udata(235ce408) 52  
[2021/11/02 23:03:29 502] tts        317  TTS_LOCAL_CB_OUTPUT  101  udata(235ce5e8) 52  
[2021/11/02 23:03:29 502] tts        321  udata(235ce5e8) 52  
[2021/11/02 23:03:29 502] tts        317  TTS_LOCAL_CB_OUTPUT  101  udata(235cf538) 52  
[2021/11/02 23:03:29 502] tts        321  udata(235cf538) 52  
[2021/11/02 23:03:29 503] tts        317  TTS_LOCAL_CB_OUTPUT  101  udata(235cf0d8) 52  
[2021/11/02 23:03:29 503] tts        321  udata(235cf0d8) 52  
[2021/11/02 23:03:29 503] tts        317  TTS_LOCAL_CB_OUTPUT  101  udata(235ced68) 52  
[2021/11/02 23:03:29 503] tts        321  udata(235ced68) 52  
[2021/11/02 23:03:29 503] tts        317  TTS_LOCAL_CB_OUTPUT  101  udata(235ce318) 52  
[2021/11/02 23:03:29 503] tts        321  udata(235ce318) 52  
[2021/11/02 23:03:29 503] tts        317  TTS_LOCAL_CB_OUTPUT  101  udata(235ceb38) 52  
[2021/11/02 23:03:29 503] tts        321  udata(235ceb38) 52  
[2021/11/02 23:03:29 503] tts        317  TTS_LOCAL_CB_OUTPUT  101  udata(235cb848) 64  
[2021/11/02 23:03:29 503] tts        321  udata(235cb848) 64  
[2021/11/02 23:03:29 503] tts        317  TTS_LOCAL_CB_OUTPUT  101  udata(235cf4e8) 64  
[2021/11/02 23:03:29 503] tts        321  udata(235cf4e8) 64  
[2021/11/02 23:03:29 505] tts        317  TTS_LOCAL_CB_OUTPUT  101  udata(235ce368) 64  
[2021/11/02 23:03:29 505] tts        321  udata(235ce368) 64  
[2021/11/02 23:03:29 505] tts        317  TTS_LOCAL_CB_OUTPUT  101  udata(235ce598) 64  
[2021/11/02 23:03:29 505] tts        321  udata(235ce598) 64  
[2021/11/02 23:03:29 506] tts        317  TTS_LOCAL_CB_OUTPUT  101  udata(235ce9a8) 64  
[2021/11/02 23:03:29 506] tts        321  udata(235ce9a8) 64  
[2021/11/02 23:03:29 506] tts        317  TTS_LOCAL_CB_OUTPUT  101  udata(235cf3f8) 64  
[2021/11/02 23:03:29 506] tts        321  udata(235cf3f8) 64  
[2021/11/02 23:03:29 506] tts        317  TTS_LOCAL_CB_OUTPUT  101  udata(235cedb8) 64  
[2021/11/02 23:03:29 506] tts        321  udata(235cedb8) 64  
[2021/11/02 23:03:29 506] tts        317  TTS_LOCAL_CB_OUTPUT  101  udata(235cf038) 64  
[2021/11/02 23:03:29 506] tts        321  udata(235cf038) 64  
[2021/11/02 23:03:29 506] tts        317  TTS_LOCAL_CB_OUTPUT  101  udata(235cf1c8) 64  
[2021/11/02 23:03:29 506] tts        321  udata(235cf1c8) 64  
[2021/11/02 23:03:29 506] tts        317  TTS_LOCAL_CB_OUTPUT  101  udata(235d0708) 64  
[2021/11/02 23:03:29 506] tts        321  udata(235d0708) 64  
[2021/11/02 23:03:29 507] tts        317  TTS_LOCAL_CB_OUTPUT  101  udata(235cf628) 64  
[2021/11/02 23:03:29 507] tts        321  udata(235cf628) 64  
[2021/11/02 23:03:29 507] tts        317  TTS_LOCAL_CB_OUTPUT  101  udata(235cf8a8) 64  
[2021/11/02 23:03:29 507] tts        321  udata(235cf8a8) 64  
[2021/11/02 23:03:29 507] tts        317  TTS_LOCAL_CB_OUTPUT  101  udata(235cf8f8) 64  
[2021/11/02 23:03:29 509] tts        321  udata(235cf8f8) 64  
[2021/11/02 23:03:29 509] tts        317  TTS_LOCAL_CB_OUTPUT  101  udata(235cfcb8) 64  
[2021/11/02 23:03:29 509] tts        321  udata(235cfcb8) 64  
[2021/11/02 23:03:29 509] tts        317  TTS_LOCAL_CB_OUTPUT  101  udata(235d01b8) 64  
[2021/11/02 23:03:29 509] tts        321  udata(235d01b8) 64  
[2021/11/02 23:03:29 509] tts        317  TTS_LOCAL_CB_OUTPUT  101  udata(235d07f8) 64  
[2021/11/02 23:03:29 509] tts        321  udata(235d07f8) 64  
[2021/11/02 23:03:29 509] tts        317  TTS_LOCAL_CB_OUTPUT  101  udata(235d0668) 64  
[2021/11/02 23:03:29 509] tts        321  udata(235d0668) 64  
[2021/11/02 23:03:29 509] tts        317  TTS_LOCAL_CB_OUTPUT  101  udata(235d0988) 64  
[2021/11/02 23:03:29 509] tts        321  udata(235d0988) 64  
[2021/11/02 23:03:29 510] tts        317  TTS_LOCAL_CB_OUTPUT  101  udata(235d0168) 64  
[2021/11/02 23:03:29 510] tts        321  udata(235d0168) 64  
[2021/11/02 23:03:29 512] tts        792  TTS_MSG_GETAUDIO  0  
[2021/11/02 23:03:29 512] tts        557  get audio|use local  
[2021/11/02 23:03:29 512] tts        570  local audiolen:  512  ,ced:  8  
[2021/11/02 23:03:29 512] tts        599  0  udata(235cfee8) 1  
[2021/11/02 23:03:29 512] tts        317  TTS_LOCAL_CB_OUTPUT  101  udata(235cff38) 64  
[2021/11/02 23:03:29 512] tts        321  udata(235cff38) 64  
[2021/11/02 23:03:29 513] tts        317  TTS_LOCAL_CB_OUTPUT  101  udata(235d0028) 64  
[2021/11/02 23:03:29 513] tts        321  udata(235d0028) 64  
[2021/11/02 23:03:29 513] tts        317  TTS_LOCAL_CB_OUTPUT  101  udata(235cf9e8) 64  
[2021/11/02 23:03:29 513] tts        321  udata(235cf9e8) 64  
[2021/11/02 23:03:29 513] tts        317  TTS_LOCAL_CB_OUTPUT  101  udata(235cf808) 64  
[2021/11/02 23:03:29 513] tts        321  udata(235cf808) 64  
[2021/11/02 23:03:29 513] tts        317  TTS_LOCAL_CB_OUTPUT  101  udata(235cfad8) 64  
[2021/11/02 23:03:29 513] tts        321  udata(235cfad8) 64  
[2021/11/02 23:03:29 513] tts        317  TTS_LOCAL_CB_OUTPUT  101  udata(235d0078) 64  
[2021/11/02 23:03:29 513] tts        321  udata(235d0078) 64  
[2021/11/02 23:03:29 513] tts        317  TTS_LOCAL_CB_OUTPUT  101  udata(235cfc18) 64  
[2021/11/02 23:03:29 513] tts        321  udata(235cfc18) 64  
[2021/11/02 23:03:29 515] tts        317  TTS_LOCAL_CB_OUTPUT  101  udata(235cfda8) 64  
[2021/11/02 23:03:29 515] tts        321  udata(235cfda8) 64  
[2021/11/02 23:03:29 515] tts        317  TTS_LOCAL_CB_OUTPUT  101  udata(235d0118) 64  
[2021/11/02 23:03:29 515] tts        321  udata(235d0118) 64  
[2021/11/02 23:03:29 515] tts        317  TTS_LOCAL_CB_OUTPUT  101  udata(235d0528) 64  
[2021/11/02 23:03:29 516] tts        321  udata(235d0528) 64  
[2021/11/02 23:03:29 516] tts        792  TTS_MSG_GETAUDIO  0  
[2021/11/02 23:03:29 516] tts        557  get audio|use local  
[2021/11/02 23:03:29 516] tts        570  local audiolen:  512  ,ced:  8  
[2021/11/02 23:03:29 516] tts        599  0  udata(235d0c58) 1  
[2021/11/02 23:03:29 516] tts        317  TTS_LOCAL_CB_OUTPUT  101  udata(235d0cf8) 64  
[2021/11/02 23:03:29 516] tts        321  udata(235d0cf8) 64  
[2021/11/02 23:03:29 516] tts        317  TTS_LOCAL_CB_OUTPUT  101  udata(235d0a28) 64  
[2021/11/02 23:03:29 516] tts        321  udata(235d0a28) 64  
[2021/11/02 23:03:29 516] tts        317  TTS_LOCAL_CB_OUTPUT  101  udata(235d1018) 64  
[2021/11/02 23:03:29 516] tts        321  udata(235d1018) 64  
[2021/11/02 23:03:29 516] tts        317  TTS_LOCAL_CB_OUTPUT  101  udata(235d0ac8) 64  
[2021/11/02 23:03:29 517] tts        321  udata(235d0ac8) 64  
[2021/11/02 23:03:29 517] tts        317  TTS_LOCAL_CB_OUTPUT  101  udata(235d0ca8) 64  
[2021/11/02 23:03:29 517] tts        321  udata(235d0ca8) 64  
[2021/11/02 23:03:29 517] tts        317  TTS_LOCAL_CB_OUTPUT  101  udata(235d0b68) 64  
[2021/11/02 23:03:29 517] tts        321  udata(235d0b68) 64  
[2021/11/02 23:03:29 519] tts        317  TTS_LOCAL_CB_OUTPUT  101  udata(235d0e38) 64  
[2021/11/02 23:03:29 519] tts        321  udata(235d0e38) 64  
[2021/11/02 23:03:29 519] tts        317  TTS_LOCAL_CB_OUTPUT  101  udata(235d0f78) 64  
[2021/11/02 23:03:29 519] tts        321  udata(235d0f78) 64  
[2021/11/02 23:03:29 519] tts        317  TTS_LOCAL_CB_OUTPUT  101  udata(235c9e58) 64  
[2021/11/02 23:03:29 519] tts        321  udata(235c9e58) 64  
[2021/11/02 23:03:29 519] tts        303  0  0  
[2021/11/02 23:03:29 519] tts        314  TTS_LOCAL_CB_END,  2  
[2021/11/02 23:03:29 519] tts        792  TTS_MSG_GETAUDIO  0  
[2021/11/02 23:03:29 519] tts        557  get audio|use local  
[2021/11/02 23:03:29 519] tts        570  local audiolen:  512  ,ced:  8  
[2021/11/02 23:03:29 519] tts        599  0  udata(235c9228) 1  
[2021/11/02 23:03:29 520] tts        792  TTS_MSG_GETAUDIO  0  
[2021/11/02 23:03:29 520] tts        557  get audio|use local  
[2021/11/02 23:03:29 520] tts        570  local audiolen:  512  ,ced:  8  
[2021/11/02 23:03:29 520] tts        599  0  udata(235c91d8) 1  
[2021/11/02 23:03:29 520] tts        792  TTS_MSG_GETAUDIO  0  
[2021/11/02 23:03:29 520] tts        557  get audio|use local  
[2021/11/02 23:03:29 520] tts        570  local audiolen:  512  ,ced:  8  
[2021/11/02 23:03:29 520] tts        599  0  udata(235c9b38) 1  
[2021/11/02 23:03:29 522] tts        792  TTS_MSG_GETAUDIO  0  
[2021/11/02 23:03:29 522] tts        557  get audio|use local  
[2021/11/02 23:03:29 522] tts        570  local audiolen:  512  ,ced:  8  
[2021/11/02 23:03:29 522] tts        599  0  udata(235c9c28) 1  
[2021/11/02 23:03:29 522] tts        792  TTS_MSG_GETAUDIO  0  
[2021/11/02 23:03:29 522] tts        557  get audio|use local  
[2021/11/02 23:03:29 522] tts        570  local audiolen:  512  ,ced:  8  
[2021/11/02 23:03:29 522] tts        599  0  udata(235c9688) 1  
[2021/11/02 23:03:29 522] tts        792  TTS_MSG_GETAUDIO  0  
[2021/11/02 23:03:29 522] tts        557  get audio|use local  
[2021/11/02 23:03:29 523] tts        570  local audiolen:  512  ,ced:  8  
[2021/11/02 23:03:29 523] tts        599  0  udata(235ca2b8) 1  
[2021/11/02 23:03:29 523] tts        792  TTS_MSG_GETAUDIO  0  
[2021/11/02 23:03:29 523] tts        557  get audio|use local  
[2021/11/02 23:03:29 523] tts        570  local audiolen:  512  ,ced:  8  
[2021/11/02 23:03:29 523] tts        599  0  udata(235c9868) 1  
[2021/11/02 23:03:29 523] tts        792  TTS_MSG_GETAUDIO  0  
[2021/11/02 23:03:29 523] tts        557  get audio|use local  
[2021/11/02 23:03:29 523] tts        570  local audiolen:  512  ,ced:  8  
[2021/11/02 23:03:29 523] tts        599  0  udata(235c9f98) 1  
[2021/11/02 23:03:29 523] tts        792  TTS_MSG_GETAUDIO  0  
[2021/11/02 23:03:29 523] tts        557  get audio|use local  
[2021/11/02 23:03:29 523] tts        570  local audiolen:  512  ,ced:  8  
[2021/11/02 23:03:29 523] tts        599  0  udata(235c96d8) 1  
[2021/11/02 23:03:29 523] tts        792  TTS_MSG_GETAUDIO  0  
[2021/11/02 23:03:29 523] tts        557  get audio|use local  
[2021/11/02 23:03:29 523] tts        570  local audiolen:  512  ,ced:  8  
[2021/11/02 23:03:29 523] tts        599  0  udata(235ca4e8) 1  
[2021/11/02 23:03:29 523] tts        792  TTS_MSG_GETAUDIO  0  
[2021/11/02 23:03:29 523] tts        557  get audio|use local  
[2021/11/02 23:03:29 523] tts        570  local audiolen:  512  ,ced:  8  
[2021/11/02 23:03:29 523] tts        599  0  udata(235c97c8) 1  
[2021/11/02 23:03:29 523] tts        792  TTS_MSG_GETAUDIO  0  
[2021/11/02 23:03:29 523] tts        557  get audio|use local  
[2021/11/02 23:03:29 523] tts        570  local audiolen:  512  ,ced:  8  
[2021/11/02 23:03:29 523] tts        599  0  udata(235ca218) 1  
[2021/11/02 23:03:29 525] tts        792  TTS_MSG_GETAUDIO  0  
[2021/11/02 23:03:29 525] tts        557  get audio|use local  
[2021/11/02 23:03:29 525] tts        570  local audiolen:  512  ,ced:  8  
[2021/11/02 23:03:29 525] tts        599  0  udata(235c9278) 1  
[2021/11/02 23:03:29 525] tts        792  TTS_MSG_GETAUDIO  0  
[2021/11/02 23:03:29 525] tts        557  get audio|use local  
[2021/11/02 23:03:29 525] tts        570  local audiolen:  512  ,ced:  8  
[2021/11/02 23:03:29 525] tts        599  0  udata(235c9cc8) 1  
[2021/11/02 23:03:29 525] tts        792  TTS_MSG_GETAUDIO  0  
[2021/11/02 23:03:29 525] tts        557  get audio|use local  
[2021/11/02 23:03:29 525] tts        570  local audiolen:  512  ,ced:  8  
[2021/11/02 23:03:29 525] tts        599  0  udata(235c9818) 1  
[2021/11/02 23:03:29 526] tts        792  TTS_MSG_GETAUDIO  0  
[2021/11/02 23:03:29 526] tts        557  get audio|use local  
[2021/11/02 23:03:29 526] tts        570  local audiolen:  512  ,ced:  8  
[2021/11/02 23:03:29 526] tts        599  0  udata(235c9f48) 1  
[2021/11/02 23:03:29 526] tts        792  TTS_MSG_GETAUDIO  0  
[2021/11/02 23:03:29 526] tts        557  get audio|use local  
[2021/11/02 23:03:29 526] tts        570  local audiolen:  512  ,ced:  8  
[2021/11/02 23:03:29 526] tts        599  0  udata(235c9d18) 1  
[2021/11/02 23:03:29 526] tts        792  TTS_MSG_GETAUDIO  0  
[2021/11/02 23:03:29 526] tts        557  get audio|use local  
[2021/11/02 23:03:29 526] tts        570  local audiolen:  512  ,ced:  8  
[2021/11/02 23:03:29 526] tts        599  0  udata(235ca448) 1  
[2021/11/02 23:03:29 526] tts        792  TTS_MSG_GETAUDIO  0  
[2021/11/02 23:03:29 526] tts        557  get audio|use local  
[2021/11/02 23:03:29 526] tts        570  local audiolen:  114  ,ced:  8  
[2021/11/02 23:03:29 526] tts        599  0  udata(235ca088) 1  
[2021/11/02 23:03:29 526] tts        792  TTS_MSG_GETAUDIO  0  
[2021/11/02 23:03:29 526] tts        557  get audio|use local  
[2021/11/02 23:03:29 526] tts        570  local audiolen:  140  ,ced:  22  
[2021/11/02 23:03:29 526] tts        599  0  udata(235ca0d8) 1  
[2021/11/02 23:03:29 526] tts        792  TTS_MSG_GETAUDIO  0  
[2021/11/02 23:03:29 526] tts        557  get audio|use local  
[2021/11/02 23:03:29 526] tts        570  local audiolen:  6992  ,ced:  22  
[2021/11/02 23:03:29 526] tts        599  0  udata(235ca178) 1  
[2021/11/02 23:03:29 526] tts        792  TTS_MSG_GETAUDIO  0  
[2021/11/02 23:03:29 526] tts        557  get audio|use local  
[2021/11/02 23:03:29 526] tts        570  local audiolen:  13808  ,ced:  22  
[2021/11/02 23:03:29 526] tts        599  0  udata(235ca3f8) 1  
[2021/11/02 23:03:29 528] tts        792  TTS_MSG_GETAUDIO  0  
[2021/11/02 23:03:29 528] tts        557  get audio|use local  
[2021/11/02 23:03:29 528] tts        570  local audiolen:  13054  ,ced:  22  
[2021/11/02 23:03:29 528] tts        599  0  udata(235ca498) 1  
[2021/11/02 23:03:29 528] tts        792  TTS_MSG_GETAUDIO  0  
[2021/11/02 23:03:29 528] tts        557  get audio|use local  
[2021/11/02 23:03:29 528] tts        570  local audiolen:  7182  ,ced:  22  
[2021/11/02 23:03:29 528] tts        599  0  udata(235ca538) 1  
[2021/11/02 23:03:29 528] tts        792  TTS_MSG_GETAUDIO  0  
[2021/11/02 23:03:29 528] tts        557  get audio|use local  
[2021/11/02 23:03:29 528] tts        570  local audiolen:  10040  ,ced:  22  
[2021/11/02 23:03:29 528] tts        599  0  udata(25ac5ee8) 1  
[2021/11/02 23:03:29 529] tts        792  TTS_MSG_GETAUDIO  0  
[2021/11/02 23:03:29 529] tts        557  get audio|use local  
[2021/11/02 23:03:29 529] tts        570  local audiolen:  10018  ,ced:  22  
[2021/11/02 23:03:29 529] tts        599  0  udata(25ac5da8) 1  
[2021/11/02 23:03:29 529] tts        792  TTS_MSG_GETAUDIO  0  
[2021/11/02 23:03:29 529] tts        557  get audio|use local  
[2021/11/02 23:03:29 529] tts        570  local audiolen:  512  ,ced:  22  
[2021/11/02 23:03:29 529] tts        599  0  udata(25ac6438) 1  
[2021/11/02 23:03:29 529] tts        792  TTS_MSG_GETAUDIO  0  
[2021/11/02 23:03:29 529] tts        557  get audio|use local  
[2021/11/02 23:03:29 529] tts        570  local audiolen:  512  ,ced:  22  
[2021/11/02 23:03:29 529] tts        599  0  udata(25ac5df8) 1  
[2021/11/02 23:03:29 529] tts        792  TTS_MSG_GETAUDIO  0  
[2021/11/02 23:03:29 529] tts        557  get audio|use local  
[2021/11/02 23:03:29 529] tts        570  local audiolen:  512  ,ced:  22  
[2021/11/02 23:03:29 529] tts        599  0  udata(25ac6168) 1  
[2021/11/02 23:03:29 529] tts        792  TTS_MSG_GETAUDIO  0  
[2021/11/02 23:03:29 529] tts        557  get audio|use local  
[2021/11/02 23:03:29 529] tts        570  local audiolen:  512  ,ced:  22  
[2021/11/02 23:03:29 529] tts        599  0  udata(25ac6848) 1  
[2021/11/02 23:03:29 529] tts        792  TTS_MSG_GETAUDIO  0  
[2021/11/02 23:03:29 529] tts        557  get audio|use local  
[2021/11/02 23:03:29 529] tts        570  local audiolen:  512  ,ced:  22  
[2021/11/02 23:03:29 529] tts        599  0  udata(25ac6208) 1  
[2021/11/02 23:03:29 530] tts        792  TTS_MSG_GETAUDIO  0  
[2021/11/02 23:03:29 530] tts        557  get audio|use local  
[2021/11/02 23:03:29 530] tts        570  local audiolen:  512  ,ced:  22  
[2021/11/02 23:03:29 530] tts        599  0  udata(25ac6258) 1  
[2021/11/02 23:03:29 530] tts        792  TTS_MSG_GETAUDIO  0  
[2021/11/02 23:03:29 530] tts        557  get audio|use local  
[2021/11/02 23:03:29 530] tts        570  local audiolen:  512  ,ced:  22  
[2021/11/02 23:03:29 530] tts        599  0  udata(25ac5e98) 1  
[2021/11/02 23:03:29 530] tts        792  TTS_MSG_GETAUDIO  0  
[2021/11/02 23:03:29 530] tts        557  get audio|use local  
[2021/11/02 23:03:29 530] tts        570  local audiolen:  512  ,ced:  22  
[2021/11/02 23:03:29 530] tts        599  0  udata(25ac5f38) 1  
[2021/11/02 23:03:29 532] tts        792  TTS_MSG_GETAUDIO  0  
[2021/11/02 23:03:29 532] tts        557  get audio|use local  
[2021/11/02 23:03:29 532] tts        570  local audiolen:  512  ,ced:  22  
[2021/11/02 23:03:29 532] tts        599  0  udata(25ac62a8) 1  
[2021/11/02 23:03:29 532] tts        792  TTS_MSG_GETAUDIO  0  
[2021/11/02 23:03:29 532] tts        557  get audio|use local  
[2021/11/02 23:03:29 532] tts        570  local audiolen:  512  ,ced:  22  
[2021/11/02 23:03:29 532] tts        599  0  udata(25ac62f8) 1  
[2021/11/02 23:03:29 532] tts        792  TTS_MSG_GETAUDIO  0  
[2021/11/02 23:03:29 532] tts        557  get audio|use local  
[2021/11/02 23:03:29 532] tts        570  local audiolen:  512  ,ced:  22  
[2021/11/02 23:03:29 532] tts        599  0  udata(25ac6578) 1  
[2021/11/02 23:03:29 532] tts        792  TTS_MSG_GETAUDIO  0  
[2021/11/02 23:03:29 532] tts        557  get audio|use local  
[2021/11/02 23:03:29 532] tts        570  local audiolen:  512  ,ced:  22  
[2021/11/02 23:03:29 532] tts        599  0  udata(25ac6c08) 1  
[2021/11/02 23:03:29 532] tts        792  TTS_MSG_GETAUDIO  0  
[2021/11/02 23:03:29 532] tts        557  get audio|use local  
[2021/11/02 23:03:29 532] tts        570  local audiolen:  512  ,ced:  22  
[2021/11/02 23:03:29 532] tts        599  0  udata(25ac6ac8) 1  
[2021/11/02 23:03:29 532] tts        792  TTS_MSG_GETAUDIO  0  
[2021/11/02 23:03:29 532] tts        557  get audio|use local  
[2021/11/02 23:03:29 532] tts        570  local audiolen:  512  ,ced:  22  
[2021/11/02 23:03:29 532] tts        599  0  udata(25ac6b18) 1  
[2021/11/02 23:03:29 532] tts        792  TTS_MSG_GETAUDIO  0  
[2021/11/02 23:03:29 532] tts        557  get audio|use local  
[2021/11/02 23:03:29 532] tts        570  local audiolen:  512  ,ced:  22  
[2021/11/02 23:03:29 532] tts        599  0  udata(25ac6a28) 1  
[2021/11/02 23:03:29 533] tts        792  TTS_MSG_GETAUDIO  0  
[2021/11/02 23:03:29 533] tts        557  get audio|use local  
[2021/11/02 23:03:29 533] tts        570  local audiolen:  512  ,ced:  22  
[2021/11/02 23:03:29 533] tts        599  0  udata(25ac6988) 1  
[2021/11/02 23:03:29 533] tts        792  TTS_MSG_GETAUDIO  0  
[2021/11/02 23:03:29 533] tts        557  get audio|use local  
[2021/11/02 23:03:29 533] tts        570  local audiolen:  512  ,ced:  22  
[2021/11/02 23:03:29 533] tts        599  0  udata(25ac6bb8) 1  
[2021/11/02 23:03:29 533] tts        792  TTS_MSG_GETAUDIO  0  
[2021/11/02 23:03:29 533] tts        557  get audio|use local  
[2021/11/02 23:03:29 533] tts        570  local audiolen:  512  ,ced:  22  
[2021/11/02 23:03:29 533] tts        599  0  udata(25ac6c58) 1  
[2021/11/02 23:03:29 535] tts        792  TTS_MSG_GETAUDIO  0  
[2021/11/02 23:03:29 535] tts        557  get audio|use local  
[2021/11/02 23:03:29 535] tts        570  local audiolen:  512  ,ced:  22  
[2021/11/02 23:03:29 535] tts        599  0  udata(25ac6938) 1  
[2021/11/02 23:03:29 535] tts        792  TTS_MSG_GETAUDIO  0  
[2021/11/02 23:03:29 535] tts        557  get audio|use local  
[2021/11/02 23:03:29 535] tts        570  local audiolen:  512  ,ced:  22  
[2021/11/02 23:03:29 535] tts        599  0  udata(25ac69d8) 1  
[2021/11/02 23:03:29 535] tts        792  TTS_MSG_GETAUDIO  0  
[2021/11/02 23:03:29 535] tts        557  get audio|use local  
[2021/11/02 23:03:29 535] tts        570  local audiolen:  512  ,ced:  22  
[2021/11/02 23:03:29 535] tts        599  0  udata(25ac6b68) 1  
[2021/11/02 23:03:29 536] tts        792  TTS_MSG_GETAUDIO  0  
[2021/11/02 23:03:29 536] tts        557  get audio|use local  
[2021/11/02 23:03:29 536] tts        570  local audiolen:  512  ,ced:  22  
[2021/11/02 23:03:29 536] tts        599  0  udata(25ac6a78) 1  
[2021/11/02 23:03:29 536] tts        792  TTS_MSG_GETAUDIO  0  
[2021/11/02 23:03:29 536] tts        557  get audio|use local  
[2021/11/02 23:03:29 536] tts        570  local audiolen:  358  ,ced:  22  
[2021/11/02 23:03:29 536] tts        599  0  udata(25ac3288) 1  
[2021/11/02 23:03:29 536] tts        792  TTS_MSG_GETAUDIO  0  
[2021/11/02 23:03:29 536] tts        557  get audio|use local  
[2021/11/02 23:03:29 536] tts        570  local audiolen:  140  ,ced:  36  
[2021/11/02 23:03:29 536] tts        599  0  udata(25ac40e8) 1  
[2021/11/02 23:03:29 536] tts        792  TTS_MSG_GETAUDIO  0  
[2021/11/02 23:03:29 536] tts        557  get audio|use local  
[2021/11/02 23:03:29 536] tts        570  local audiolen:  6992  ,ced:  36  
[2021/11/02 23:03:29 536] tts        599  0  udata(25ac2d38) 1  
[2021/11/02 23:03:29 536] tts        792  TTS_MSG_GETAUDIO  0  
[2021/11/02 23:03:29 536] tts        557  get audio|use local  
[2021/11/02 23:03:29 536] tts        570  local audiolen:  13808  ,ced:  36  
[2021/11/02 23:03:29 536] tts        599  0  udata(25ac3e68) 1  
[2021/11/02 23:03:29 536] tts        792  TTS_MSG_GETAUDIO  0  
[2021/11/02 23:03:29 536] tts        557  get audio|use local  
[2021/11/02 23:03:29 536] tts        570  local audiolen:  13054  ,ced:  36  
[2021/11/02 23:03:29 536] tts        599  0  udata(25ac3fa8) 1  
[2021/11/02 23:03:29 536] tts        792  TTS_MSG_GETAUDIO  0  
[2021/11/02 23:03:29 536] tts        557  get audio|use local  
[2021/11/02 23:03:29 536] tts        570  local audiolen:  7182  ,ced:  36  
[2021/11/02 23:03:29 538] tts        599  0  udata(25ac3ff8) 1  
[2021/11/02 23:03:29 539] tts        792  TTS_MSG_GETAUDIO  0  
[2021/11/02 23:03:29 539] tts        557  get audio|use local  
[2021/11/02 23:03:29 539] tts        570  local audiolen:  10040  ,ced:  36  
[2021/11/02 23:03:29 539] tts        599  0  udata(25ac3dc8) 1  
[2021/11/02 23:03:29 539] tts        792  TTS_MSG_GETAUDIO  0  
[2021/11/02 23:03:29 539] tts        557  get audio|use local  
[2021/11/02 23:03:29 539] tts        570  local audiolen:  10018  ,ced:  36  
[2021/11/02 23:03:29 539] tts        599  0  udata(25ac3648) 1  
[2021/11/02 23:03:29 539] tts        792  TTS_MSG_GETAUDIO  0  
[2021/11/02 23:03:29 539] tts        557  get audio|use local  
[2021/11/02 23:03:29 539] tts        570  local audiolen:  512  ,ced:  36  
[2021/11/02 23:03:29 539] tts        599  0  udata(25ac3698) 1  
[2021/11/02 23:03:29 540] tts        792  TTS_MSG_GETAUDIO  0  
[2021/11/02 23:03:29 540] tts        557  get audio|use local  
[2021/11/02 23:03:29 540] tts        570  local audiolen:  512  ,ced:  36  
[2021/11/02 23:03:29 540] tts        599  0  udata(25ac3a08) 1  
[2021/11/02 23:03:29 540] tts        792  TTS_MSG_GETAUDIO  0  
[2021/11/02 23:03:29 540] tts        557  get audio|use local  
[2021/11/02 23:03:29 540] tts        570  local audiolen:  512  ,ced:  36  
[2021/11/02 23:03:29 540] tts        599  0  udata(2597eab8) 1  
[2021/11/02 23:03:29 540] tts        792  TTS_MSG_GETAUDIO  0  
[2021/11/02 23:03:29 540] tts        557  get audio|use local  
[2021/11/02 23:03:29 542] tts        570  local audiolen:  512  ,ced:  36  
[2021/11/02 23:03:29 542] tts        599  0  udata(2597e338) 1  
[2021/11/02 23:03:29 542] tts        792  TTS_MSG_GETAUDIO  0  
[2021/11/02 23:03:29 542] tts        557  get audio|use local  
[2021/11/02 23:03:29 542] tts        570  local audiolen:  512  ,ced:  36  
[2021/11/02 23:03:29 542] tts        599  0  udata(2597e1a8) 1  
[2021/11/02 23:03:29 542] tts        792  TTS_MSG_GETAUDIO  0  
[2021/11/02 23:03:29 542] tts        557  get audio|use local  
[2021/11/02 23:03:29 542] tts        570  local audiolen:  512  ,ced:  36  
[2021/11/02 23:03:29 542] tts        599  0  udata(2597f008) 1  
[2021/11/02 23:03:29 542] tts        792  TTS_MSG_GETAUDIO  0  
[2021/11/02 23:03:29 542] tts        557  get audio|use local  
[2021/11/02 23:03:29 542] tts        570  local audiolen:  512  ,ced:  36  
[2021/11/02 23:03:29 542] tts        599  0  udata(2597f418) 1  
[2021/11/02 23:03:29 542] tts        792  TTS_MSG_GETAUDIO  0  
[2021/11/02 23:03:29 542] tts        557  get audio|use local  
[2021/11/02 23:03:29 542] tts        570  local audiolen:  512  ,ced:  36  
[2021/11/02 23:03:29 542] tts        599  0  udata(2597f3c8) 1  
[2021/11/02 23:03:29 542] tts        792  TTS_MSG_GETAUDIO  0  
[2021/11/02 23:03:29 542] tts        557  get audio|use local  
[2021/11/02 23:03:29 542] tts        570  local audiolen:  512  ,ced:  36  
[2021/11/02 23:03:29 542] tts        599  0  udata(2597ef68) 1  
[2021/11/02 23:03:29 542] tts        792  TTS_MSG_GETAUDIO  0  
[2021/11/02 23:03:29 542] tts        557  get audio|use local  
[2021/11/02 23:03:29 542] tts        570  local audiolen:  512  ,ced:  36  
[2021/11/02 23:03:29 542] tts        599  0  udata(2597ee28) 1  
[2021/11/02 23:03:29 543] tts        792  TTS_MSG_GETAUDIO  0  
[2021/11/02 23:03:29 543] tts        557  get audio|use local  
[2021/11/02 23:03:29 543] tts        570  local audiolen:  512  ,ced:  36  
[2021/11/02 23:03:29 543] tts        599  0  udata(2597e9c8) 1  
[2021/11/02 23:03:29 543] tts        792  TTS_MSG_GETAUDIO  0  
[2021/11/02 23:03:29 543] tts        557  get audio|use local  
[2021/11/02 23:03:29 543] tts        570  local audiolen:  512  ,ced:  36  
[2021/11/02 23:03:29 543] tts        599  0  udata(2597e298) 1  
[2021/11/02 23:03:29 543] tts        792  TTS_MSG_GETAUDIO  0  
[2021/11/02 23:03:29 543] tts        557  get audio|use local  
[2021/11/02 23:03:29 543] tts        570  local audiolen:  512  ,ced:  36  
[2021/11/02 23:03:29 543] tts        599  0  udata(2597e388) 1  
[2021/11/02 23:03:29 543] tts        792  TTS_MSG_GETAUDIO  0  
[2021/11/02 23:03:29 545] tts        557  get audio|use local  
[2021/11/02 23:03:29 545] tts        570  local audiolen:  512  ,ced:  36  
[2021/11/02 23:03:29 545] tts        599  0  udata(2597f2d8) 1  
[2021/11/02 23:03:29 545] tts        792  TTS_MSG_GETAUDIO  0  
[2021/11/02 23:03:29 545] tts        557  get audio|use local  
[2021/11/02 23:03:29 545] tts        570  local audiolen:  512  ,ced:  36  
[2021/11/02 23:03:29 545] tts        599  0  udata(2597f468) 1  
[2021/11/02 23:03:29 545] tts        792  TTS_MSG_GETAUDIO  0  
[2021/11/02 23:03:29 545] tts        557  get audio|use local  
[2021/11/02 23:03:29 545] tts        570  local audiolen:  512  ,ced:  36  
[2021/11/02 23:03:29 545] tts        599  0  udata(2597ef18) 1  
[2021/11/02 23:03:29 545] tts        792  TTS_MSG_GETAUDIO  0  
[2021/11/02 23:03:29 545] tts        557  get audio|use local  
[2021/11/02 23:03:29 545] tts        570  local audiolen:  512  ,ced:  36  
[2021/11/02 23:03:29 545] tts        599  0  udata(2597e3d8) 1  
[2021/11/02 23:03:29 546] tts        792  TTS_MSG_GETAUDIO  0  
[2021/11/02 23:03:29 546] tts        557  get audio|use local  
[2021/11/02 23:03:29 546] tts        570  local audiolen:  512  ,ced:  36  
[2021/11/02 23:03:29 546] tts        599  0  udata(2597edd8) 1  
[2021/11/02 23:03:29 546] tts        792  TTS_MSG_GETAUDIO  0  
[2021/11/02 23:03:29 546] tts        557  get audio|use local  
[2021/11/02 23:03:29 546] tts        570  local audiolen:  512  ,ced:  36  
[2021/11/02 23:03:29 546] tts        599  0  udata(2597ea18) 1  
[2021/11/02 23:03:29 546] tts        792  TTS_MSG_GETAUDIO  0  
[2021/11/02 23:03:29 546] tts        557  get audio|use local  
[2021/11/02 23:03:29 546] tts        570  local audiolen:  512  ,ced:  36  
[2021/11/02 23:03:29 546] tts        599  0  udata(2597e8d8) 1  
[2021/11/02 23:03:29 546] tts        792  TTS_MSG_GETAUDIO  0  
[2021/11/02 23:03:29 546] tts        557  get audio|use local  
[2021/11/02 23:03:29 546] tts        570  local audiolen:  512  ,ced:  36  
[2021/11/02 23:03:29 546] tts        599  0  udata(2597eb08) 1  
[2021/11/02 23:03:29 546] tts        792  TTS_MSG_GETAUDIO  0  
[2021/11/02 23:03:29 546] tts        557  get audio|use local  
[2021/11/02 23:03:29 546] tts        570  local audiolen:  512  ,ced:  36  
[2021/11/02 23:03:29 546] tts        599  0  udata(2597f328) 1  
[2021/11/02 23:03:29 546] tts        792  TTS_MSG_GETAUDIO  0  
[2021/11/02 23:03:29 546] tts        557  get audio|use local  
[2021/11/02 23:03:29 546] tts        570  local audiolen:  358  ,ced:  36  
[2021/11/02 23:03:29 546] tts        599  0  udata(2597eb58) 1  
[2021/11/02 23:03:29 548] tts        792  TTS_MSG_GETAUDIO  0  
[2021/11/02 23:03:29 548] tts        557  get audio|use local  
[2021/11/02 23:03:29 548] tts        570  local audiolen:  214  ,ced:  52  
[2021/11/02 23:03:29 548] tts        599  0  udata(2597ea68) 1  
[2021/11/02 23:03:29 548] tts        792  TTS_MSG_GETAUDIO  0  
[2021/11/02 23:03:29 548] tts        557  get audio|use local  
[2021/11/02 23:03:29 548] tts        570  local audiolen:  6978  ,ced:  52  
[2021/11/02 23:03:29 548] tts        599  0  udata(2597e6f8) 1  
[2021/11/02 23:03:29 548] tts        792  TTS_MSG_GETAUDIO  0  
[2021/11/02 23:03:29 548] tts        557  get audio|use local  
[2021/11/02 23:03:29 548] tts        570  local audiolen:  7420  ,ced:  52  
[2021/11/02 23:03:29 548] tts        599  0  udata(2597e428) 1  
[2021/11/02 23:03:29 549] tts        792  TTS_MSG_GETAUDIO  0  
[2021/11/02 23:03:29 549] tts        557  get audio|use local  
[2021/11/02 23:03:29 549] tts        570  local audiolen:  11688  ,ced:  52  
[2021/11/02 23:03:29 549] tts        599  0  udata(2597ee78) 1  
[2021/11/02 23:03:29 549] tts        792  TTS_MSG_GETAUDIO  0  
[2021/11/02 23:03:29 549] tts        557  get audio|use local  
[2021/11/02 23:03:29 549] tts        570  local audiolen:  6876  ,ced:  52  
[2021/11/02 23:03:29 549] tts        599  0  udata(2597ebf8) 1  
[2021/11/02 23:03:29 549] tts        792  TTS_MSG_GETAUDIO  0  
[2021/11/02 23:03:29 549] tts        557  get audio|use local  
[2021/11/02 23:03:29 549] tts        570  local audiolen:  13676  ,ced:  52  
[2021/11/02 23:03:29 549] tts        599  0  udata(2597f0f8) 1  
[2021/11/02 23:03:29 549] tts        792  TTS_MSG_GETAUDIO  0  
[2021/11/02 23:03:29 549] tts        557  get audio|use local  
[2021/11/02 23:03:29 549] tts        570  local audiolen:  5816  ,ced:  52  
[2021/11/02 23:03:29 549] tts        599  0  udata(2597efb8) 1  
[2021/11/02 23:03:29 549] tts        792  TTS_MSG_GETAUDIO  0  
[2021/11/02 23:03:29 549] tts        557  get audio|use local  
[2021/11/02 23:03:29 549] tts        570  local audiolen:  7496  ,ced:  52  
[2021/11/02 23:03:29 549] tts        599  0  udata(2597eec8) 1  
[2021/11/02 23:03:29 551] tts        792  TTS_MSG_GETAUDIO  0  
[2021/11/02 23:03:29 551] tts        557  get audio|use local  
[2021/11/02 23:03:29 551] tts        570  local audiolen:  11724  ,ced:  52  
[2021/11/02 23:03:29 551] tts        599  0  udata(2597e478) 1  
[2021/11/02 23:03:29 551] tts        792  TTS_MSG_GETAUDIO  0  
[2021/11/02 23:03:29 551] tts        557  get audio|use local  
[2021/11/02 23:03:29 551] tts        570  local audiolen:  512  ,ced:  52  
[2021/11/02 23:03:29 551] tts        599  0  udata(2597f058) 1  
[2021/11/02 23:03:29 551] tts        792  TTS_MSG_GETAUDIO  0  
[2021/11/02 23:03:29 551] tts        557  get audio|use local  
[2021/11/02 23:03:29 551] tts        570  local audiolen:  512  ,ced:  52  
[2021/11/02 23:03:29 551] tts        599  0  udata(2597e4c8) 1  
[2021/11/02 23:03:29 552] tts        792  TTS_MSG_GETAUDIO  0  
[2021/11/02 23:03:29 552] tts        557  get audio|use local  
[2021/11/02 23:03:29 552] tts        570  local audiolen:  512  ,ced:  52  
[2021/11/02 23:03:29 552] tts        599  0  udata(2597e7e8) 1  
[2021/11/02 23:03:29 552] tts        792  TTS_MSG_GETAUDIO  0  
[2021/11/02 23:03:29 552] tts        557  get audio|use local  
[2021/11/02 23:03:29 552] tts        570  local audiolen:  512  ,ced:  52  
[2021/11/02 23:03:29 552] tts        599  0  udata(2597f4b8) 1  
[2021/11/02 23:03:29 552] tts        792  TTS_MSG_GETAUDIO  0  
[2021/11/02 23:03:29 552] tts        557  get audio|use local  
[2021/11/02 23:03:29 552] tts        570  local audiolen:  512  ,ced:  52  
[2021/11/02 23:03:29 552] tts        599  0  udata(2597e608) 1  
[2021/11/02 23:03:29 552] tts        792  TTS_MSG_GETAUDIO  0  
[2021/11/02 23:03:29 552] tts        557  get audio|use local  
[2021/11/02 23:03:29 552] tts        570  local audiolen:  512  ,ced:  52  
[2021/11/02 23:03:29 552] tts        599  0  udata(2597e158) 1  
[2021/11/02 23:03:29 552] tts        792  TTS_MSG_GETAUDIO  0  
[2021/11/02 23:03:29 552] tts        557  get audio|use local  
[2021/11/02 23:03:29 552] tts        570  local audiolen:  512  ,ced:  52  
[2021/11/02 23:03:29 552] tts        599  0  udata(2597e108) 1  
[2021/11/02 23:03:29 552] tts        792  TTS_MSG_GETAUDIO  0  
[2021/11/02 23:03:29 552] tts        557  get audio|use local  
[2021/11/02 23:03:29 552] tts        570  local audiolen:  512  ,ced:  52  
[2021/11/02 23:03:29 552] tts        599  0  udata(2597ec48) 1  
[2021/11/02 23:03:29 553] tts        792  TTS_MSG_GETAUDIO  0  
[2021/11/02 23:03:29 553] tts        557  get audio|use local  
[2021/11/02 23:03:29 553] tts        570  local audiolen:  512  ,ced:  52  
[2021/11/02 23:03:29 553] tts        599  0  udata(2597e518) 1  
[2021/11/02 23:03:29 553] tts        792  TTS_MSG_GETAUDIO  0  
[2021/11/02 23:03:29 553] tts        557  get audio|use local  
[2021/11/02 23:03:29 553] tts        570  local audiolen:  512  ,ced:  52  
[2021/11/02 23:03:29 553] tts        599  0  udata(2597f148) 1  
[2021/11/02 23:03:29 553] tts        792  TTS_MSG_GETAUDIO  0  
[2021/11/02 23:03:29 553] tts        557  get audio|use local  
[2021/11/02 23:03:29 553] tts        570  local audiolen:  512  ,ced:  52  
[2021/11/02 23:03:29 553] tts        599  0  udata(2597f238) 1  
[2021/11/02 23:03:29 555] tts        792  TTS_MSG_GETAUDIO  0  
[2021/11/02 23:03:29 555] tts        557  get audio|use local  
[2021/11/02 23:03:29 555] tts        570  local audiolen:  512  ,ced:  52  
[2021/11/02 23:03:29 555] tts        599  0  udata(2597e568) 1  
[2021/11/02 23:03:29 555] tts        792  TTS_MSG_GETAUDIO  0  
[2021/11/02 23:03:29 555] tts        557  get audio|use local  
[2021/11/02 23:03:29 555] tts        570  local audiolen:  512  ,ced:  52  
[2021/11/02 23:03:29 555] tts        599  0  udata(2597f0a8) 1  
[2021/11/02 23:03:29 555] tts        792  TTS_MSG_GETAUDIO  0  
[2021/11/02 23:03:29 555] tts        557  get audio|use local  
[2021/11/02 23:03:29 555] tts        570  local audiolen:  512  ,ced:  52  
[2021/11/02 23:03:29 555] tts        599  0  udata(2597eba8) 1  
[2021/11/02 23:03:29 555] tts        792  TTS_MSG_GETAUDIO  0  
[2021/11/02 23:03:29 555] tts        557  get audio|use local  
[2021/11/02 23:03:29 555] tts        570  local audiolen:  512  ,ced:  52  
[2021/11/02 23:03:29 555] tts        599  0  udata(2597f198) 1  
[2021/11/02 23:03:29 555] tts        792  TTS_MSG_GETAUDIO  0  
[2021/11/02 23:03:29 555] tts        557  get audio|use local  
[2021/11/02 23:03:29 555] tts        570  local audiolen:  512  ,ced:  52  
[2021/11/02 23:03:29 555] tts        599  0  udata(2597f288) 1  
[2021/11/02 23:03:29 555] tts        792  TTS_MSG_GETAUDIO  0  
[2021/11/02 23:03:29 555] tts        557  get audio|use local  
[2021/11/02 23:03:29 555] tts        570  local audiolen:  512  ,ced:  52  
[2021/11/02 23:03:29 555] tts        599  0  udata(2597e5b8) 1  
[2021/11/02 23:03:29 555] tts        792  TTS_MSG_GETAUDIO  0  
[2021/11/02 23:03:29 555] tts        557  get audio|use local  
[2021/11/02 23:03:29 555] tts        570  local audiolen:  512  ,ced:  52  
[2021/11/02 23:03:29 556] tts        599  0  udata(2597f1e8) 1  
[2021/11/02 23:03:29 556] tts        792  TTS_MSG_GETAUDIO  0  
[2021/11/02 23:03:29 556] tts        557  get audio|use local  
[2021/11/02 23:03:29 556] tts        570  local audiolen:  512  ,ced:  52  
[2021/11/02 23:03:29 556] tts        599  0  udata(2597e1f8) 1  
[2021/11/02 23:03:29 556] tts        792  TTS_MSG_GETAUDIO  0  
[2021/11/02 23:03:29 556] tts        557  get audio|use local  
[2021/11/02 23:03:29 556] tts        570  local audiolen:  512  ,ced:  52  
[2021/11/02 23:03:29 556] tts        599  0  udata(2597ece8) 1  
[2021/11/02 23:03:29 556] tts        792  TTS_MSG_GETAUDIO  0  
[2021/11/02 23:03:29 556] tts        557  get audio|use local  
[2021/11/02 23:03:29 556] tts        570  local audiolen:  512  ,ced:  52  
[2021/11/02 23:03:29 556] tts        599  0  udata(2597e248) 1  
[2021/11/02 23:03:29 558] tts        792  TTS_MSG_GETAUDIO  0  
[2021/11/02 23:03:29 558] tts        557  get audio|use local  
[2021/11/02 23:03:29 558] tts        570  local audiolen:  512  ,ced:  52  
[2021/11/02 23:03:29 558] tts        599  0  udata(2597e2e8) 1  
[2021/11/02 23:03:29 558] tts        792  TTS_MSG_GETAUDIO  0  
[2021/11/02 23:03:29 558] tts        557  get audio|use local  
[2021/11/02 23:03:29 558] tts        570  local audiolen:  358  ,ced:  52  
[2021/11/02 23:03:29 558] tts        599  0  udata(2597e658) 1  
[2021/11/02 23:03:29 558] tts        792  TTS_MSG_GETAUDIO  0  
[2021/11/02 23:03:29 558] tts        557  get audio|use local  
[2021/11/02 23:03:29 558] tts        570  local audiolen:  214  ,ced:  64  
[2021/11/02 23:03:29 558] tts        599  0  udata(2597e928) 1  
[2021/11/02 23:03:29 559] tts        792  TTS_MSG_GETAUDIO  0  
[2021/11/02 23:03:29 559] tts        557  get audio|use local  
[2021/11/02 23:03:29 559] tts        570  local audiolen:  6740  ,ced:  64  
[2021/11/02 23:03:29 559] tts        599  0  udata(2597e6a8) 1  
[2021/11/02 23:03:29 559] tts        792  TTS_MSG_GETAUDIO  0  
[2021/11/02 23:03:29 559] tts        557  get audio|use local  
[2021/11/02 23:03:29 559] tts        570  local audiolen:  8338  ,ced:  64  
[2021/11/02 23:03:29 559] tts        599  0  udata(2597e748) 1  
[2021/11/02 23:03:29 559] tts        792  TTS_MSG_GETAUDIO  0  
[2021/11/02 23:03:29 559] tts        557  get audio|use local  
[2021/11/02 23:03:29 559] tts        570  local audiolen:  7986  ,ced:  64  
[2021/11/02 23:03:29 559] tts        599  0  udata(2597e798) 1  
[2021/11/02 23:03:29 559] tts        792  TTS_MSG_GETAUDIO  0  
[2021/11/02 23:03:29 559] tts        557  get audio|use local  
[2021/11/02 23:03:29 559] tts        570  local audiolen:  7788  ,ced:  64  
[2021/11/02 23:03:29 559] tts        599  0  udata(2597e838) 1  
[2021/11/02 23:03:29 559] tts        792  TTS_MSG_GETAUDIO  0  
[2021/11/02 23:03:29 559] tts        557  get audio|use local  
[2021/11/02 23:03:29 559] tts        570  local audiolen:  4264  ,ced:  64  
[2021/11/02 23:03:29 559] tts        599  0  udata(2597ed38) 1  
[2021/11/02 23:03:29 559] tts        792  TTS_MSG_GETAUDIO  0  
[2021/11/02 23:03:29 559] tts        557  get audio|use local  
[2021/11/02 23:03:29 559] tts        570  local audiolen:  12188  ,ced:  64  
[2021/11/02 23:03:29 559] tts        599  0  udata(2597e888) 1  
[2021/11/02 23:03:29 561] tts        792  TTS_MSG_GETAUDIO  0  
[2021/11/02 23:03:29 561] tts        557  get audio|use local  
[2021/11/02 23:03:29 561] tts        570  local audiolen:  512  ,ced:  64  
[2021/11/02 23:03:29 561] tts        599  0  udata(2597e978) 1  
[2021/11/02 23:03:29 561] tts        792  TTS_MSG_GETAUDIO  0  
[2021/11/02 23:03:29 561] tts        557  get audio|use local  
[2021/11/02 23:03:29 561] tts        570  local audiolen:  512  ,ced:  64  
[2021/11/02 23:03:29 561] tts        599  0  udata(2597ed88) 1  
[2021/11/02 23:03:29 561] tts        792  TTS_MSG_GETAUDIO  0  
[2021/11/02 23:03:29 561] tts        557  get audio|use local  
[2021/11/02 23:03:29 561] tts        570  local audiolen:  512  ,ced:  64  
[2021/11/02 23:03:29 561] tts        599  0  udata(25980368) 1  
[2021/11/02 23:03:29 562] tts        792  TTS_MSG_GETAUDIO  0  
[2021/11/02 23:03:29 562] tts        557  get audio|use local  
[2021/11/02 23:03:29 562] tts        570  local audiolen:  512  ,ced:  64  
[2021/11/02 23:03:29 562] tts        599  0  udata(2597fa58) 1  
[2021/11/02 23:03:29 562] tts        792  TTS_MSG_GETAUDIO  0  
[2021/11/02 23:03:29 562] tts        557  get audio|use local  
[2021/11/02 23:03:29 562] tts        570  local audiolen:  512  ,ced:  64  
[2021/11/02 23:03:29 562] tts        599  0  udata(2597fd28) 1  
[2021/11/02 23:03:29 562] tts        792  TTS_MSG_GETAUDIO  0  
[2021/11/02 23:03:29 562] tts        557  get audio|use local  
[2021/11/02 23:03:29 562] tts        570  local audiolen:  512  ,ced:  64  
[2021/11/02 23:03:29 562] tts        599  0  udata(25980188) 1  
[2021/11/02 23:03:29 562] tts        792  TTS_MSG_GETAUDIO  0  
[2021/11/02 23:03:29 562] tts        557  get audio|use local  
[2021/11/02 23:03:29 562] tts        570  local audiolen:  512  ,ced:  64  
[2021/11/02 23:03:29 562] tts        599  0  udata(2597fdc8) 1  
[2021/11/02 23:03:29 562] tts        792  TTS_MSG_GETAUDIO  0  
[2021/11/02 23:03:29 562] tts        557  get audio|use local  
[2021/11/02 23:03:29 562] tts        570  local audiolen:  512  ,ced:  64  
[2021/11/02 23:03:29 562] tts        599  0  udata(2597fd78) 1  
[2021/11/02 23:03:29 562] tts        792  TTS_MSG_GETAUDIO  0  
[2021/11/02 23:03:29 562] tts        557  get audio|use local  
[2021/11/02 23:03:29 562] tts        570  local audiolen:  512  ,ced:  64  
[2021/11/02 23:03:29 562] tts        599  0  udata(2597f828) 1  
[2021/11/02 23:03:29 563] tts        792  TTS_MSG_GETAUDIO  0  
[2021/11/02 23:03:29 563] tts        557  get audio|use local  
[2021/11/02 23:03:29 563] tts        570  local audiolen:  512  ,ced:  64  
[2021/11/02 23:03:29 563] tts        599  0  udata(259807c8) 1  
[2021/11/02 23:03:29 563] tts        792  TTS_MSG_GETAUDIO  0  
[2021/11/02 23:03:29 563] tts        557  get audio|use local  
[2021/11/02 23:03:29 563] tts        570  local audiolen:  512  ,ced:  64  
[2021/11/02 23:03:29 563] tts        599  0  udata(2597ffa8) 1  
[2021/11/02 23:03:29 563] tts        792  TTS_MSG_GETAUDIO  0  
[2021/11/02 23:03:29 563] tts        557  get audio|use local  
[2021/11/02 23:03:29 563] tts        570  local audiolen:  512  ,ced:  64  
[2021/11/02 23:03:29 563] tts        599  0  udata(25980098) 1  
[2021/11/02 23:03:29 565] tts        792  TTS_MSG_GETAUDIO  0  
[2021/11/02 23:03:29 565] tts        557  get audio|use local  
[2021/11/02 23:03:29 565] tts        570  local audiolen:  512  ,ced:  64  
[2021/11/02 23:03:29 565] tts        599  0  udata(259803b8) 1  
[2021/11/02 23:03:29 565] tts        792  TTS_MSG_GETAUDIO  0  
[2021/11/02 23:03:29 565] tts        557  get audio|use local  
[2021/11/02 23:03:29 565] tts        570  local audiolen:  512  ,ced:  64  
[2021/11/02 23:03:29 565] tts        599  0  udata(25980688) 1  
[2021/11/02 23:03:29 565] tts        792  TTS_MSG_GETAUDIO  0  
[2021/11/02 23:03:29 565] tts        557  get audio|use local  
[2021/11/02 23:03:29 565] tts        570  local audiolen:  512  ,ced:  64  
[2021/11/02 23:03:29 565] tts        599  0  udata(2597fe18) 1  
[2021/11/02 23:03:29 565] tts        792  TTS_MSG_GETAUDIO  0  
[2021/11/02 23:03:29 565] tts        557  get audio|use local  
[2021/11/02 23:03:29 565] tts        570  local audiolen:  512  ,ced:  64  
[2021/11/02 23:03:29 565] tts        599  0  udata(25980278) 1  
[2021/11/02 23:03:29 565] tts        792  TTS_MSG_GETAUDIO  0  
[2021/11/02 23:03:29 565] tts        557  get audio|use local  
[2021/11/02 23:03:29 565] tts        570  local audiolen:  512  ,ced:  64  
[2021/11/02 23:03:29 565] tts        599  0  udata(2597fff8) 1  
[2021/11/02 23:03:29 565] tts        792  TTS_MSG_GETAUDIO  0  
[2021/11/02 23:03:29 565] tts        557  get audio|use local  
[2021/11/02 23:03:29 565] tts        570  local audiolen:  512  ,ced:  64  
[2021/11/02 23:03:29 565] tts        599  0  udata(25980408) 1  
[2021/11/02 23:03:29 565] tts        792  TTS_MSG_GETAUDIO  0  
[2021/11/02 23:03:29 566] tts        557  get audio|use local  
[2021/11/02 23:03:29 566] tts        570  local audiolen:  512  ,ced:  64  
[2021/11/02 23:03:29 566] tts        599  0  udata(2597fe68) 1  
[2021/11/02 23:03:29 566] tts        792  TTS_MSG_GETAUDIO  0  
[2021/11/02 23:03:29 566] tts        557  get audio|use local  
[2021/11/02 23:03:29 566] tts        570  local audiolen:  512  ,ced:  64  
[2021/11/02 23:03:29 566] tts        599  0  udata(2597faf8) 1  
[2021/11/02 23:03:29 566] tts        792  TTS_MSG_GETAUDIO  0  
[2021/11/02 23:03:29 566] tts        557  get audio|use local  
[2021/11/02 23:03:29 566] tts        570  local audiolen:  512  ,ced:  64  
[2021/11/02 23:03:29 566] tts        599  0  udata(2597f6e8) 1  
[2021/11/02 23:03:29 566] tts        792  TTS_MSG_GETAUDIO  0  
[2021/11/02 23:03:29 566] tts        557  get audio|use local  
[2021/11/02 23:03:29 568] tts        570  local audiolen:  512  ,ced:  64  
[2021/11/02 23:03:29 568] tts        599  0  udata(2597f878) 1  
[2021/11/02 23:03:29 568] tts        792  TTS_MSG_GETAUDIO  0  
[2021/11/02 23:03:29 568] tts        557  get audio|use local  
[2021/11/02 23:03:29 568] tts        570  local audiolen:  512  ,ced:  64  
[2021/11/02 23:03:29 568] tts        599  0  udata(259804f8) 1  
[2021/11/02 23:03:29 568] tts        792  TTS_MSG_GETAUDIO  0  
[2021/11/02 23:03:29 568] tts        557  get audio|use local  
[2021/11/02 23:03:29 568] tts        570  local audiolen:  512  ,ced:  64  
[2021/11/02 23:03:29 568] tts        599  0  udata(25980458) 1  
[2021/11/02 23:03:29 568] tts        792  TTS_MSG_GETAUDIO  0  
[2021/11/02 23:03:29 568] tts        557  get audio|use local  
[2021/11/02 23:03:29 568] tts        570  local audiolen:  512  ,ced:  64  
[2021/11/02 23:03:29 569] tts        599  0  udata(2597f648) 1  
[2021/11/02 23:03:29 569] tts        792  TTS_MSG_GETAUDIO  0  
[2021/11/02 23:03:29 569] tts        557  get audio|use local  
[2021/11/02 23:03:29 569] tts        570  local audiolen:  512  ,ced:  64  
[2021/11/02 23:03:29 569] tts        599  0  udata(2597f738) 1  
[2021/11/02 23:03:29 569] tts        792  TTS_MSG_GETAUDIO  0  
[2021/11/02 23:03:29 569] tts        557  get audio|use local  
[2021/11/02 23:03:29 569] tts        570  local audiolen:  512  ,ced:  64  
[2021/11/02 23:03:29 569] tts        599  0  udata(259804a8) 1  
[2021/11/02 23:03:29 569] tts        792  TTS_MSG_GETAUDIO  0  
[2021/11/02 23:03:29 569] tts        557  get audio|use local  
[2021/11/02 23:03:29 569] tts        570  local audiolen:  512  ,ced:  64  
[2021/11/02 23:03:29 569] tts        599  0  udata(2597f788) 1  
[2021/11/02 23:03:29 569] tts        792  TTS_MSG_GETAUDIO  0  
[2021/11/02 23:03:29 569] tts        557  get audio|use local  
[2021/11/02 23:03:29 569] tts        570  local audiolen:  512  ,ced:  64  
[2021/11/02 23:03:29 569] tts        599  0  udata(2597fbe8) 1  
[2021/11/02 23:03:29 569] tts        792  TTS_MSG_GETAUDIO  0  
[2021/11/02 23:03:29 569] tts        557  get audio|use local  
[2021/11/02 23:03:29 569] tts        570  local audiolen:  512  ,ced:  64  
[2021/11/02 23:03:29 569] tts        599  0  udata(259808b8) 1  
[2021/11/02 23:03:29 569] tts        792  TTS_MSG_GETAUDIO  0  
[2021/11/02 23:03:29 569] tts        557  get audio|use local  
[2021/11/02 23:03:29 569] tts        570  local audiolen:  114  ,ced:  64  
[2021/11/02 23:03:29 569] tts        599  0  udata(2597fa08) 2  
[2021/11/02 23:03:29 571] tts        795  TTS_MSG_SSE  
[2021/11/02 23:03:29 571] tts        693  sse|use local  
[2021/11/02 23:03:29 572] tts        711  tts exit  
