============================================================
Time  2021/11/01 21:17:06 805 
============================================================
[2021/11/01 21:17:06 805] tts        811  SYS_MSG_REGCB param0 =  msp_status_cb  param1 =  func(3eb75680) 
[2021/11/01 21:17:06 806] config     43   use general cloud  
[2021/11/01 21:17:06 809] tts_cloud  1438 SYS_MSG_REGCB_CLOUD param0 =   msp_status_cb  param1 =  func(3eb75680) 
[2021/11/01 21:17:06 809] tts        782  TTS_MSG_SSB  
[2021/11/01 21:17:06 809] tts        434  params =  engine_type = local, voice_name = xiaoyan, text_encoding = GB2312, tts_res_path = fo|res\tts\xiaoyan.jet;fo|res\tts\common.jet, sample_rate = 16000, speed = 25, volume = 50, pitch = 50, rdn = 2  
[2021/11/01 21:17:06 809] tts        273  auf=audio/L16;rate=16000  
[2021/11/01 21:17:06 809] tts        273  auf=audio/L16;rate=16000  
[2021/11/01 21:17:06 809] tts        471  ssb|use local  
[2021/11/01 21:17:06 809] tts        385  local_session_begin  
[2021/11/01 21:17:06 811] tts        789  TTS_MSG_SYN  0  
[2021/11/01 21:17:06 811] tts        514  synth|use local  
[2021/11/01 21:17:06 812] tts        792  TTS_MSG_GETAUDIO  0  
[2021/11/01 21:17:06 812] tts        557  get audio|use local  
[2021/11/01 21:17:06 812] tts        599  0  nil  1  
[2021/11/01 21:17:06 812] tts        792  TTS_MSG_GETAUDIO  0  
[2021/11/01 21:17:06 812] tts        557  get audio|use local  
[2021/11/01 21:17:06 812] tts        599  0  nil  1  
[2021/11/01 21:17:06 812] tts        792  TTS_MSG_GETAUDIO  0  
[2021/11/01 21:17:06 812] tts        557  get audio|use local  
[2021/11/01 21:17:06 812] tts        599  0  nil  1  
[2021/11/01 21:17:06 812] tts        792  TTS_MSG_GETAUDIO  0  
[2021/11/01 21:17:06 812] tts        557  get audio|use local  
[2021/11/01 21:17:06 812] tts        599  0  nil  1  
[2021/11/01 21:17:06 812] tts        792  TTS_MSG_GETAUDIO  0  
[2021/11/01 21:17:06 812] tts        557  get audio|use local  
[2021/11/01 21:17:06 812] tts        599  0  nil  1  
[2021/11/01 21:17:06 813] tts        792  TTS_MSG_GETAUDIO  0  
[2021/11/01 21:17:06 813] tts        557  get audio|use local  
[2021/11/01 21:17:06 813] tts        599  0  nil  1  
[2021/11/01 21:17:06 813] tts        792  TTS_MSG_GETAUDIO  0  
[2021/11/01 21:17:06 813] tts        557  get audio|use local  
[2021/11/01 21:17:06 813] tts        599  0  nil  1  
[2021/11/01 21:17:06 815] tts        792  TTS_MSG_GETAUDIO  0  
[2021/11/01 21:17:06 815] tts        557  get audio|use local  
[2021/11/01 21:17:06 815] tts        599  0  nil  1  
[2021/11/01 21:17:06 815] tts        792  TTS_MSG_GETAUDIO  0  
[2021/11/01 21:17:06 815] tts        557  get audio|use local  
[2021/11/01 21:17:06 815] tts        599  0  nil  1  
[2021/11/01 21:17:06 815] tts        792  TTS_MSG_GETAUDIO  0  
[2021/11/01 21:17:06 815] tts        557  get audio|use local  
[2021/11/01 21:17:06 815] tts        599  0  nil  1  
[2021/11/01 21:17:06 816] tts        792  TTS_MSG_GETAUDIO  0  
[2021/11/01 21:17:06 816] tts        557  get audio|use local  
[2021/11/01 21:17:06 816] tts        599  0  nil  1  
[2021/11/01 21:17:06 816] tts        792  TTS_MSG_GETAUDIO  0  
[2021/11/01 21:17:06 816] tts        557  get audio|use local  
[2021/11/01 21:17:06 816] tts        599  0  nil  1  
[2021/11/01 21:17:06 818] tts        792  TTS_MSG_GETAUDIO  0  
[2021/11/01 21:17:06 818] tts        557  get audio|use local  
[2021/11/01 21:17:06 818] tts        599  0  nil  1  
[2021/11/01 21:17:06 819] tts        792  TTS_MSG_GETAUDIO  0  
[2021/11/01 21:17:06 819] tts        557  get audio|use local  
[2021/11/01 21:17:06 819] tts        599  0  nil  1  
[2021/11/01 21:17:06 819] tts        792  TTS_MSG_GETAUDIO  0  
[2021/11/01 21:17:06 819] tts        557  get audio|use local  
[2021/11/01 21:17:06 819] tts        599  0  nil  1  
[2021/11/01 21:17:06 819] tts        792  TTS_MSG_GETAUDIO  0  
[2021/11/01 21:17:06 819] tts        557  get audio|use local  
[2021/11/01 21:17:06 819] tts        599  0  nil  1  
[2021/11/01 21:17:06 821] tts        792  TTS_MSG_GETAUDIO  0  
[2021/11/01 21:17:06 821] tts        557  get audio|use local  
[2021/11/01 21:17:06 822] tts        599  0  nil  1  
[2021/11/01 21:17:06 822] tts        792  TTS_MSG_GETAUDIO  0  
[2021/11/01 21:17:06 822] tts        557  get audio|use local  
[2021/11/01 21:17:06 822] tts        599  0  nil  1  
[2021/11/01 21:17:06 822] tts        792  TTS_MSG_GETAUDIO  0  
[2021/11/01 21:17:06 822] tts        557  get audio|use local  
[2021/11/01 21:17:06 822] tts        599  0  nil  1  
[2021/11/01 21:17:06 822] tts        792  TTS_MSG_GETAUDIO  0  
[2021/11/01 21:17:06 822] tts        557  get audio|use local  
[2021/11/01 21:17:06 822] tts        599  0  nil  1  
[2021/11/01 21:17:06 823] tts        792  TTS_MSG_GETAUDIO  0  
[2021/11/01 21:17:06 823] tts        557  get audio|use local  
[2021/11/01 21:17:06 823] tts        599  0  nil  1  
[2021/11/01 21:17:06 823] tts        792  TTS_MSG_GETAUDIO  0  
[2021/11/01 21:17:06 823] tts        557  get audio|use local  
[2021/11/01 21:17:06 823] tts        599  0  nil  1  
[2021/11/01 21:17:06 825] tts        792  TTS_MSG_GETAUDIO  0  
[2021/11/01 21:17:06 825] tts        557  get audio|use local  
[2021/11/01 21:17:06 825] tts        599  0  nil  1  
[2021/11/01 21:17:06 825] tts        792  TTS_MSG_GETAUDIO  0  
[2021/11/01 21:17:06 825] tts        557  get audio|use local  
[2021/11/01 21:17:06 825] tts        599  0  nil  1  
[2021/11/01 21:17:06 825] tts        792  TTS_MSG_GETAUDIO  0  
[2021/11/01 21:17:06 825] tts        557  get audio|use local  
[2021/11/01 21:17:06 825] tts        599  0  nil  1  
[2021/11/01 21:17:06 825] tts        792  TTS_MSG_GETAUDIO  0  
[2021/11/01 21:17:06 825] tts        557  get audio|use local  
[2021/11/01 21:17:06 825] tts        599  0  nil  1  
[2021/11/01 21:17:06 825] tts        792  TTS_MSG_GETAUDIO  0  
[2021/11/01 21:17:06 825] tts        557  get audio|use local  
[2021/11/01 21:17:06 825] tts        599  0  nil  1  
[2021/11/01 21:17:06 828] tts        792  TTS_MSG_GETAUDIO  0  
[2021/11/01 21:17:06 828] tts        557  get audio|use local  
[2021/11/01 21:17:06 828] tts        599  0  nil  1  
[2021/11/01 21:17:06 829] tts        792  TTS_MSG_GETAUDIO  0  
[2021/11/01 21:17:06 829] tts        557  get audio|use local  
[2021/11/01 21:17:06 829] tts        599  0  nil  1  
[2021/11/01 21:17:06 829] tts        792  TTS_MSG_GETAUDIO  0  
[2021/11/01 21:17:06 829] tts        557  get audio|use local  
[2021/11/01 21:17:06 829] tts        599  0  nil  1  
[2021/11/01 21:17:06 831] tts        792  TTS_MSG_GETAUDIO  0  
[2021/11/01 21:17:06 831] tts        557  get audio|use local  
[2021/11/01 21:17:06 831] tts        599  0  nil  1  
[2021/11/01 21:17:06 832] tts        792  TTS_MSG_GETAUDIO  0  
[2021/11/01 21:17:06 832] tts        557  get audio|use local  
[2021/11/01 21:17:06 832] tts        599  0  nil  1  
[2021/11/01 21:17:06 832] tts        792  TTS_MSG_GETAUDIO  0  
[2021/11/01 21:17:06 832] tts        557  get audio|use local  
[2021/11/01 21:17:06 832] tts        599  0  nil  1  
[2021/11/01 21:17:06 832] tts        792  TTS_MSG_GETAUDIO  0  
[2021/11/01 21:17:06 832] tts        557  get audio|use local  
[2021/11/01 21:17:06 832] tts        599  0  nil  1  
[2021/11/01 21:17:06 834] tts        792  TTS_MSG_GETAUDIO  0  
[2021/11/01 21:17:06 834] tts        557  get audio|use local  
[2021/11/01 21:17:06 834] tts        599  0  nil  1  
[2021/11/01 21:17:06 835] tts        792  TTS_MSG_GETAUDIO  0  
[2021/11/01 21:17:06 835] tts        557  get audio|use local  
[2021/11/01 21:17:06 835] tts        599  0  nil  1  
[2021/11/01 21:17:06 835] tts        792  TTS_MSG_GETAUDIO  0  
[2021/11/01 21:17:06 835] tts        557  get audio|use local  
[2021/11/01 21:17:06 836] tts        599  0  nil  1  
[2021/11/01 21:17:06 836] tts        792  TTS_MSG_GETAUDIO  0  
[2021/11/01 21:17:06 836] tts        557  get audio|use local  
[2021/11/01 21:17:06 836] tts        599  0  nil  1  
[2021/11/01 21:17:06 838] tts        792  TTS_MSG_GETAUDIO  0  
[2021/11/01 21:17:06 838] tts        557  get audio|use local  
[2021/11/01 21:17:06 838] tts        599  0  nil  1  
[2021/11/01 21:17:06 838] tts        792  TTS_MSG_GETAUDIO  0  
[2021/11/01 21:17:06 838] tts        557  get audio|use local  
[2021/11/01 21:17:06 838] tts        599  0  nil  1  
[2021/11/01 21:17:06 839] tts        792  TTS_MSG_GETAUDIO  0  
[2021/11/01 21:17:06 839] tts        557  get audio|use local  
[2021/11/01 21:17:06 839] tts        599  0  nil  1  
[2021/11/01 21:17:06 841] tts        792  TTS_MSG_GETAUDIO  0  
[2021/11/01 21:17:06 841] tts        557  get audio|use local  
[2021/11/01 21:17:06 841] tts        599  0  nil  1  
[2021/11/01 21:17:06 842] tts        792  TTS_MSG_GETAUDIO  0  
[2021/11/01 21:17:06 842] tts        557  get audio|use local  
[2021/11/01 21:17:06 842] tts        599  0  nil  1  
[2021/11/01 21:17:06 842] tts        792  TTS_MSG_GETAUDIO  0  
[2021/11/01 21:17:06 842] tts        557  get audio|use local  
[2021/11/01 21:17:06 844] tts        599  0  nil  1  
[2021/11/01 21:17:06 845] tts        792  TTS_MSG_GETAUDIO  0  
[2021/11/01 21:17:06 845] tts        557  get audio|use local  
[2021/11/01 21:17:06 845] tts        599  0  nil  1  
[2021/11/01 21:17:06 845] tts        792  TTS_MSG_GETAUDIO  0  
[2021/11/01 21:17:06 845] tts        557  get audio|use local  
[2021/11/01 21:17:06 845] tts        599  0  nil  1  
[2021/11/01 21:17:06 846] tts        792  TTS_MSG_GETAUDIO  0  
[2021/11/01 21:17:06 846] tts        557  get audio|use local  
[2021/11/01 21:17:06 846] tts        599  0  nil  1  
[2021/11/01 21:17:06 848] tts        792  TTS_MSG_GETAUDIO  0  
[2021/11/01 21:17:06 848] tts        557  get audio|use local  
[2021/11/01 21:17:06 848] tts        599  0  nil  1  
[2021/11/01 21:17:06 848] tts        792  TTS_MSG_GETAUDIO  0  
[2021/11/01 21:17:06 848] tts        557  get audio|use local  
[2021/11/01 21:17:06 848] tts        599  0  nil  1  
[2021/11/01 21:17:06 848] tts        792  TTS_MSG_GETAUDIO  0  
[2021/11/01 21:17:06 848] tts        557  get audio|use local  
[2021/11/01 21:17:06 848] tts        599  0  nil  1  
[2021/11/01 21:17:06 849] tts        792  TTS_MSG_GETAUDIO  0  
[2021/11/01 21:17:06 849] tts        557  get audio|use local  
[2021/11/01 21:17:06 849] tts        599  0  nil  1  
[2021/11/01 21:17:06 849] tts        792  TTS_MSG_GETAUDIO  0  
[2021/11/01 21:17:06 849] tts        557  get audio|use local  
[2021/11/01 21:17:06 849] tts        599  0  nil  1  
[2021/11/01 21:17:06 849] tts        792  TTS_MSG_GETAUDIO  0  
[2021/11/01 21:17:06 849] tts        557  get audio|use local  
[2021/11/01 21:17:06 849] tts        599  0  nil  1  
[2021/11/01 21:17:06 851] tts        792  TTS_MSG_GETAUDIO  0  
[2021/11/01 21:17:06 851] tts        557  get audio|use local  
[2021/11/01 21:17:06 851] tts        599  0  nil  1  
[2021/11/01 21:17:06 851] tts        792  TTS_MSG_GETAUDIO  0  
[2021/11/01 21:17:06 851] tts        557  get audio|use local  
[2021/11/01 21:17:06 851] tts        599  0  nil  1  
[2021/11/01 21:17:06 851] tts        792  TTS_MSG_GETAUDIO  0  
[2021/11/01 21:17:06 851] tts        557  get audio|use local  
[2021/11/01 21:17:06 851] tts        599  0  nil  1  
[2021/11/01 21:17:06 851] tts        792  TTS_MSG_GETAUDIO  0  
[2021/11/01 21:17:06 851] tts        557  get audio|use local  
[2021/11/01 21:17:06 852] tts        599  0  nil  1  
[2021/11/01 21:17:06 852] tts        792  TTS_MSG_GETAUDIO  0  
[2021/11/01 21:17:06 852] tts        557  get audio|use local  
[2021/11/01 21:17:06 852] tts        599  0  nil  1  
[2021/11/01 21:17:06 854] tts        792  TTS_MSG_GETAUDIO  0  
[2021/11/01 21:17:06 854] tts        557  get audio|use local  
[2021/11/01 21:17:06 854] tts        599  0  nil  1  
[2021/11/01 21:17:06 855] tts        792  TTS_MSG_GETAUDIO  0  
[2021/11/01 21:17:06 855] tts        557  get audio|use local  
[2021/11/01 21:17:06 855] tts        599  0  nil  1  
[2021/11/01 21:17:06 855] tts        792  TTS_MSG_GETAUDIO  0  
[2021/11/01 21:17:06 855] tts        557  get audio|use local  
[2021/11/01 21:17:06 855] tts        599  0  nil  1  
[2021/11/01 21:17:06 855] tts        792  TTS_MSG_GETAUDIO  0  
[2021/11/01 21:17:06 855] tts        557  get audio|use local  
[2021/11/01 21:17:06 855] tts        599  0  nil  1  
[2021/11/01 21:17:06 857] tts        792  TTS_MSG_GETAUDIO  0  
[2021/11/01 21:17:06 857] tts        557  get audio|use local  
[2021/11/01 21:17:06 857] tts        599  0  nil  1  
[2021/11/01 21:17:06 858] tts        792  TTS_MSG_GETAUDIO  0  
[2021/11/01 21:17:06 858] tts        557  get audio|use local  
[2021/11/01 21:17:06 858] tts        599  0  nil  1  
[2021/11/01 21:17:06 858] tts        792  TTS_MSG_GETAUDIO  0  
[2021/11/01 21:17:06 858] tts        557  get audio|use local  
[2021/11/01 21:17:06 858] tts        599  0  nil  1  
[2021/11/01 21:17:06 858] tts        792  TTS_MSG_GETAUDIO  0  
[2021/11/01 21:17:06 858] tts        557  get audio|use local  
[2021/11/01 21:17:06 858] tts        599  0  nil  1  
[2021/11/01 21:17:06 858] tts        792  TTS_MSG_GETAUDIO  0  
[2021/11/01 21:17:06 858] tts        557  get audio|use local  
[2021/11/01 21:17:06 858] tts        599  0  nil  1  
[2021/11/01 21:17:06 859] tts        792  TTS_MSG_GETAUDIO  0  
[2021/11/01 21:17:06 859] tts        557  get audio|use local  
[2021/11/01 21:17:06 859] tts        599  0  nil  1  
[2021/11/01 21:17:06 859] tts        792  TTS_MSG_GETAUDIO  0  
[2021/11/01 21:17:06 859] tts        557  get audio|use local  
[2021/11/01 21:17:06 859] tts        599  0  nil  1  
[2021/11/01 21:17:06 859] tts        792  TTS_MSG_GETAUDIO  0  
[2021/11/01 21:17:06 859] tts        557  get audio|use local  
[2021/11/01 21:17:06 859] tts        599  0  nil  1  
[2021/11/01 21:17:06 861] tts        792  TTS_MSG_GETAUDIO  0  
[2021/11/01 21:17:06 861] tts        557  get audio|use local  
[2021/11/01 21:17:06 861] tts        599  0  nil  1  
[2021/11/01 21:17:06 861] tts        792  TTS_MSG_GETAUDIO  0  
[2021/11/01 21:17:06 861] tts        557  get audio|use local  
[2021/11/01 21:17:06 861] tts        599  0  nil  1  
[2021/11/01 21:17:06 861] tts        792  TTS_MSG_GETAUDIO  0  
[2021/11/01 21:17:06 861] tts        557  get audio|use local  
[2021/11/01 21:17:06 861] tts        599  0  nil  1  
[2021/11/01 21:17:06 861] tts        792  TTS_MSG_GETAUDIO  0  
[2021/11/01 21:17:06 861] tts        557  get audio|use local  
[2021/11/01 21:17:06 861] tts        599  0  nil  1  
[2021/11/01 21:17:06 861] tts        792  TTS_MSG_GETAUDIO  0  
[2021/11/01 21:17:06 861] tts        557  get audio|use local  
[2021/11/01 21:17:06 861] tts        599  0  nil  1  
[2021/11/01 21:17:06 862] tts        792  TTS_MSG_GETAUDIO  0  
[2021/11/01 21:17:06 862] tts        557  get audio|use local  
[2021/11/01 21:17:06 862] tts        599  0  nil  1  
[2021/11/01 21:17:06 862] tts        792  TTS_MSG_GETAUDIO  0  
[2021/11/01 21:17:06 862] tts        557  get audio|use local  
[2021/11/01 21:17:06 862] tts        599  0  nil  1  
[2021/11/01 21:17:06 862] tts        792  TTS_MSG_GETAUDIO  0  
[2021/11/01 21:17:06 862] tts        557  get audio|use local  
[2021/11/01 21:17:06 862] tts        599  0  nil  1  
[2021/11/01 21:17:06 864] tts        792  TTS_MSG_GETAUDIO  0  
[2021/11/01 21:17:06 864] tts        557  get audio|use local  
[2021/11/01 21:17:06 864] tts        599  0  nil  1  
[2021/11/01 21:17:06 864] tts        792  TTS_MSG_GETAUDIO  0  
[2021/11/01 21:17:06 864] tts        557  get audio|use local  
[2021/11/01 21:17:06 864] tts        599  0  nil  1  
[2021/11/01 21:17:06 864] tts        792  TTS_MSG_GETAUDIO  0  
[2021/11/01 21:17:06 864] tts        557  get audio|use local  
[2021/11/01 21:17:06 864] tts        599  0  nil  1  
[2021/11/01 21:17:06 865] tts        792  TTS_MSG_GETAUDIO  0  
[2021/11/01 21:17:06 865] tts        557  get audio|use local  
[2021/11/01 21:17:06 865] tts        599  0  nil  1  
[2021/11/01 21:17:06 865] tts        792  TTS_MSG_GETAUDIO  0  
[2021/11/01 21:17:06 865] tts        557  get audio|use local  
[2021/11/01 21:17:06 865] tts        599  0  nil  1  
[2021/11/01 21:17:06 865] tts        792  TTS_MSG_GETAUDIO  0  
[2021/11/01 21:17:06 865] tts        557  get audio|use local  
[2021/11/01 21:17:06 865] tts        599  0  nil  1  
[2021/11/01 21:17:06 865] tts        792  TTS_MSG_GETAUDIO  0  
[2021/11/01 21:17:06 865] tts        557  get audio|use local  
[2021/11/01 21:17:06 865] tts        599  0  nil  1  
[2021/11/01 21:17:06 867] tts        792  TTS_MSG_GETAUDIO  0  
[2021/11/01 21:17:06 867] tts        557  get audio|use local  
[2021/11/01 21:17:06 867] tts        599  0  nil  1  
[2021/11/01 21:17:06 868] tts        792  TTS_MSG_GETAUDIO  0  
[2021/11/01 21:17:06 868] tts        557  get audio|use local  
[2021/11/01 21:17:06 868] tts        599  0  nil  1  
[2021/11/01 21:17:06 868] tts        792  TTS_MSG_GETAUDIO  0  
[2021/11/01 21:17:06 868] tts        557  get audio|use local  
[2021/11/01 21:17:06 868] tts        599  0  nil  1  
[2021/11/01 21:17:06 868] tts        792  TTS_MSG_GETAUDIO  0  
[2021/11/01 21:17:06 868] tts        557  get audio|use local  
[2021/11/01 21:17:06 868] tts        599  0  nil  1  
[2021/11/01 21:17:06 869] tts        792  TTS_MSG_GETAUDIO  0  
[2021/11/01 21:17:06 869] tts        557  get audio|use local  
[2021/11/01 21:17:06 869] tts        599  0  nil  1  
[2021/11/01 21:17:06 871] tts        792  TTS_MSG_GETAUDIO  0  
[2021/11/01 21:17:06 871] tts        557  get audio|use local  
[2021/11/01 21:17:06 871] tts        599  0  nil  1  
[2021/11/01 21:17:06 871] tts        792  TTS_MSG_GETAUDIO  0  
[2021/11/01 21:17:06 871] tts        557  get audio|use local  
[2021/11/01 21:17:06 871] tts        599  0  nil  1  
[2021/11/01 21:17:06 871] tts        792  TTS_MSG_GETAUDIO  0  
[2021/11/01 21:17:06 871] tts        557  get audio|use local  
[2021/11/01 21:17:06 871] tts        599  0  nil  1  
[2021/11/01 21:17:06 872] tts        792  TTS_MSG_GETAUDIO  0  
[2021/11/01 21:17:06 872] tts        557  get audio|use local  
[2021/11/01 21:17:06 874] tts        599  0  nil  1  
[2021/11/01 21:17:06 874] tts        301  TTS_LOCAL_CB_BEGIN  
[2021/11/01 21:17:06 874] tts        792  TTS_MSG_GETAUDIO  0  
[2021/11/01 21:17:06 874] tts        557  get audio|use local  
[2021/11/01 21:17:06 875] tts        599  0  nil  1  
[2021/11/01 21:17:06 875] tts        317  TTS_LOCAL_CB_OUTPUT  101  udata(4118f408) 7  
[2021/11/01 21:17:06 875] tts        321  udata(4118f408) 7  
[2021/11/01 21:17:06 875] tts        317  TTS_LOCAL_CB_OUTPUT  101  udata(4118fb38) 7  
[2021/11/01 21:17:06 875] tts        321  udata(4118fb38) 7  
[2021/11/01 21:17:06 875] tts        317  TTS_LOCAL_CB_OUTPUT  101  udata(41190da8) 7  
[2021/11/01 21:17:06 875] tts        321  udata(41190da8) 7  
[2021/11/01 21:17:06 875] tts        317  TTS_LOCAL_CB_OUTPUT  101  udata(41190718) 7  
[2021/11/01 21:17:06 875] tts        321  udata(41190718) 7  
[2021/11/01 21:17:06 875] tts        317  TTS_LOCAL_CB_OUTPUT  101  udata(41190308) 7  
[2021/11/01 21:17:06 875] tts        321  udata(41190308) 7  
[2021/11/01 21:17:06 877] tts        317  TTS_LOCAL_CB_OUTPUT  101  udata(41190498) 7  
[2021/11/01 21:17:06 877] tts        321  udata(41190498) 7  
[2021/11/01 21:17:06 877] tts        317  TTS_LOCAL_CB_OUTPUT  101  udata(41190c68) 7  
[2021/11/01 21:17:06 877] tts        321  udata(41190c68) 7  
[2021/11/01 21:17:06 877] tts        317  TTS_LOCAL_CB_OUTPUT  101  udata(41190b78) 7  
[2021/11/01 21:17:06 877] tts        321  udata(41190b78) 7  
[2021/11/01 21:17:06 878] tts        317  TTS_LOCAL_CB_OUTPUT  101  udata(41190bc8) 7  
[2021/11/01 21:17:06 878] tts        321  udata(41190bc8) 7  
[2021/11/01 21:17:06 878] tts        317  TTS_LOCAL_CB_OUTPUT  101  udata(41190cb8) 7  
[2021/11/01 21:17:06 878] tts        321  udata(41190cb8) 7  
[2021/11/01 21:17:06 878] tts        317  TTS_LOCAL_CB_OUTPUT  101  udata(41190d58) 7  
[2021/11/01 21:17:06 878] tts        321  udata(41190d58) 7  
[2021/11/01 21:17:06 878] tts        317  TTS_LOCAL_CB_OUTPUT  101  udata(41190538) 7  
[2021/11/01 21:17:06 878] tts        321  udata(41190538) 7  
[2021/11/01 21:17:06 878] tts        317  TTS_LOCAL_CB_OUTPUT  101  udata(411903f8) 7  
[2021/11/01 21:17:06 878] tts        321  udata(411903f8) 7  
[2021/11/01 21:17:06 880] tts        317  TTS_LOCAL_CB_OUTPUT  101  udata(41190ad8) 7  
[2021/11/01 21:17:06 880] tts        321  udata(41190ad8) 7  
[2021/11/01 21:17:06 880] tts        317  TTS_LOCAL_CB_OUTPUT  101  udata(411903a8) 7  
[2021/11/01 21:17:06 880] tts        321  udata(411903a8) 7  
[2021/11/01 21:17:06 880] tts        317  TTS_LOCAL_CB_OUTPUT  101  udata(3eba1728) 7  
[2021/11/01 21:17:06 880] tts        321  udata(3eba1728) 7  
[2021/11/01 21:17:06 881] tts        317  TTS_LOCAL_CB_OUTPUT  101  udata(3eba1c28) 7  
[2021/11/01 21:17:06 881] tts        321  udata(3eba1c28) 7  
[2021/11/01 21:17:06 881] tts        317  TTS_LOCAL_CB_OUTPUT  101  udata(3eba21c8) 7  
[2021/11/01 21:17:06 881] tts        321  udata(3eba21c8) 7  
[2021/11/01 21:17:06 881] tts        317  TTS_LOCAL_CB_OUTPUT  101  udata(3eba23a8) 7  
[2021/11/01 21:17:06 881] tts        321  udata(3eba23a8) 7  
[2021/11/01 21:17:06 881] tts        317  TTS_LOCAL_CB_OUTPUT  101  udata(3eba1e58) 7  
[2021/11/01 21:17:06 881] tts        321  udata(3eba1e58) 7  
[2021/11/01 21:17:06 881] tts        317  TTS_LOCAL_CB_OUTPUT  101  udata(3eba1ef8) 7  
[2021/11/01 21:17:06 881] tts        321  udata(3eba1ef8) 7  
[2021/11/01 21:17:06 882] tts        317  TTS_LOCAL_CB_OUTPUT  101  udata(3eba2128) 7  
[2021/11/01 21:17:06 882] tts        321  udata(3eba2128) 7  
[2021/11/01 21:17:06 884] tts        317  TTS_LOCAL_CB_OUTPUT  101  udata(411765a8) 7  
[2021/11/01 21:17:06 884] tts        321  udata(411765a8) 7  
[2021/11/01 21:17:06 884] tts        317  TTS_LOCAL_CB_OUTPUT  101  udata(40beb298) 7  
[2021/11/01 21:17:06 884] tts        321  udata(40beb298) 7  
[2021/11/01 21:17:06 884] tts        317  TTS_LOCAL_CB_OUTPUT  101  udata(40beb8d8) 7  
[2021/11/01 21:17:06 884] tts        321  udata(40beb8d8) 7  
[2021/11/01 21:17:06 884] tts        317  TTS_LOCAL_CB_OUTPUT  101  udata(40beb748) 7  
[2021/11/01 21:17:06 884] tts        321  udata(40beb748) 7  
[2021/11/01 21:17:06 884] tts        317  TTS_LOCAL_CB_OUTPUT  101  udata(40beb978) 7  
[2021/11/01 21:17:06 884] tts        321  udata(40beb978) 7  
[2021/11/01 21:17:06 884] tts        317  TTS_LOCAL_CB_OUTPUT  101  udata(40beb4c8) 7  
[2021/11/01 21:17:06 884] tts        321  udata(40beb4c8) 7  
[2021/11/01 21:17:06 885] tts        317  TTS_LOCAL_CB_OUTPUT  101  udata(40beb248) 7  
[2021/11/01 21:17:06 885] tts        321  udata(40beb248) 7  
[2021/11/01 21:17:06 885] tts        317  TTS_LOCAL_CB_OUTPUT  101  udata(40beb478) 7  
[2021/11/01 21:17:06 885] tts        321  udata(40beb478) 7  
[2021/11/01 21:17:06 885] tts        317  TTS_LOCAL_CB_OUTPUT  101  udata(40beb568) 7  
[2021/11/01 21:17:06 887] tts        321  udata(40beb568) 7  
[2021/11/01 21:17:06 887] tts        317  TTS_LOCAL_CB_OUTPUT  101  udata(40beba18) 7  
[2021/11/01 21:17:06 887] tts        321  udata(40beba18) 7  
[2021/11/01 21:17:06 887] tts        317  TTS_LOCAL_CB_OUTPUT  101  udata(40beb928) 7  
[2021/11/01 21:17:06 887] tts        321  udata(40beb928) 7  
[2021/11/01 21:17:06 888] tts        317  TTS_LOCAL_CB_OUTPUT  101  udata(40bebb58) 7  
[2021/11/01 21:17:06 888] tts        321  udata(40bebb58) 7  
[2021/11/01 21:17:06 888] tts        317  TTS_LOCAL_CB_OUTPUT  101  udata(40bebbf8) 7  
[2021/11/01 21:17:06 888] tts        321  udata(40bebbf8) 7  
[2021/11/01 21:17:06 888] tts        317  TTS_LOCAL_CB_OUTPUT  101  udata(40beb7e8) 7  
[2021/11/01 21:17:06 888] tts        321  udata(40beb7e8) 7  
[2021/11/01 21:17:06 888] tts        317  TTS_LOCAL_CB_OUTPUT  101  udata(40bebab8) 17  
[2021/11/01 21:17:06 888] tts        321  udata(40bebab8) 17  
[2021/11/01 21:17:06 888] tts        317  TTS_LOCAL_CB_OUTPUT  101  udata(40beb428) 17  
[2021/11/01 21:17:06 888] tts        321  udata(40beb428) 17  
[2021/11/01 21:17:06 888] tts        317  TTS_LOCAL_CB_OUTPUT  101  udata(40bebc48) 17  
[2021/11/01 21:17:06 888] tts        321  udata(40bebc48) 17  
[2021/11/01 21:17:06 890] tts        317  TTS_LOCAL_CB_OUTPUT  101  udata(40beb1f8) 17  
[2021/11/01 21:17:06 890] tts        321  udata(40beb1f8) 17  
[2021/11/01 21:17:06 890] tts        317  TTS_LOCAL_CB_OUTPUT  101  udata(40beb3d8) 17  
[2021/11/01 21:17:06 890] tts        321  udata(40beb3d8) 17  
[2021/11/01 21:17:06 890] tts        317  TTS_LOCAL_CB_OUTPUT  101  udata(40beb658) 17  
[2021/11/01 21:17:06 891] tts        321  udata(40beb658) 17  
[2021/11/01 21:17:06 891] tts        317  TTS_LOCAL_CB_OUTPUT  101  udata(40be9d58) 17  
[2021/11/01 21:17:06 891] tts        321  udata(40be9d58) 17  
[2021/11/01 21:17:06 891] tts        317  TTS_LOCAL_CB_OUTPUT  101  udata(40bea348) 17  
[2021/11/01 21:17:06 891] tts        321  udata(40bea348) 17  
[2021/11/01 21:17:06 891] tts        317  TTS_LOCAL_CB_OUTPUT  101  udata(40bea2f8) 17  
[2021/11/01 21:17:06 891] tts        321  udata(40bea2f8) 17  
[2021/11/01 21:17:06 891] tts        317  TTS_LOCAL_CB_OUTPUT  101  udata(40bea398) 17  
[2021/11/01 21:17:06 891] tts        321  udata(40bea398) 17  
[2021/11/01 21:17:06 891] tts        317  TTS_LOCAL_CB_OUTPUT  101  udata(40bea3e8) 17  
[2021/11/01 21:17:06 891] tts        321  udata(40bea3e8) 17  
[2021/11/01 21:17:06 892] tts        317  TTS_LOCAL_CB_OUTPUT  101  udata(40bea168) 17  
[2021/11/01 21:17:06 892] tts        321  udata(40bea168) 17  
[2021/11/01 21:17:06 892] tts        317  TTS_LOCAL_CB_OUTPUT  101  udata(40beaf28) 17  
[2021/11/01 21:17:06 894] tts        321  udata(40beaf28) 17  
[2021/11/01 21:17:06 898] tts        317  TTS_LOCAL_CB_OUTPUT  101  udata(40bead98) 17  
[2021/11/01 21:17:06 898] tts        321  udata(40bead98) 17  
[2021/11/01 21:17:06 898] tts        792  TTS_MSG_GETAUDIO  0  
[2021/11/01 21:17:06 898] tts        557  get audio|use local  
[2021/11/01 21:17:06 898] tts        570  local audiolen:  214  ,ced:  7  
[2021/11/01 21:17:06 898] tts        599  0  udata(40beacf8) 1  
[2021/11/01 21:17:06 898] tts        317  TTS_LOCAL_CB_OUTPUT  101  udata(40beab18) 17  
[2021/11/01 21:17:06 898] tts        321  udata(40beab18) 17  
[2021/11/01 21:17:06 900] tts        317  TTS_LOCAL_CB_OUTPUT  101  udata(40beaca8) 17  
[2021/11/01 21:17:06 900] tts        321  udata(40beaca8) 17  
[2021/11/01 21:17:06 900] tts        317  TTS_LOCAL_CB_OUTPUT  101  udata(40bea848) 17  
[2021/11/01 21:17:06 901] tts        321  udata(40bea848) 17  
[2021/11/01 21:17:06 901] tts        317  TTS_LOCAL_CB_OUTPUT  101  udata(40bea2a8) 17  
[2021/11/01 21:17:06 901] tts        321  udata(40bea2a8) 17  
[2021/11/01 21:17:06 901] tts        317  TTS_LOCAL_CB_OUTPUT  101  udata(40bea988) 17  
[2021/11/01 21:17:06 901] tts        321  udata(40bea988) 17  
[2021/11/01 21:17:06 901] tts        317  TTS_LOCAL_CB_OUTPUT  101  udata(40beac08) 17  
[2021/11/01 21:17:06 901] tts        321  udata(40beac08) 17  
[2021/11/01 21:17:06 901] tts        317  TTS_LOCAL_CB_OUTPUT  101  udata(40be9da8) 17  
[2021/11/01 21:17:06 903] tts        321  udata(40be9da8) 17  
[2021/11/01 21:17:06 903] tts        317  TTS_LOCAL_CB_OUTPUT  101  udata(40bea528) 17  
[2021/11/01 21:17:06 903] tts        321  udata(40bea528) 17  
[2021/11/01 21:17:06 904] tts        317  TTS_LOCAL_CB_OUTPUT  101  udata(40be9e48) 17  
[2021/11/01 21:17:06 904] tts        321  udata(40be9e48) 17  
[2021/11/01 21:17:06 904] tts        317  TTS_LOCAL_CB_OUTPUT  101  udata(40beae38) 17  
[2021/11/01 21:17:06 904] tts        321  udata(40beae38) 17  
[2021/11/01 21:17:06 904] tts        317  TTS_LOCAL_CB_OUTPUT  101  udata(40beaa78) 17  
[2021/11/01 21:17:06 904] tts        321  udata(40beaa78) 17  
[2021/11/01 21:17:06 905] tts        317  TTS_LOCAL_CB_OUTPUT  101  udata(40bea668) 17  
[2021/11/01 21:17:06 905] tts        321  udata(40bea668) 17  
[2021/11/01 21:17:06 905] tts        317  TTS_LOCAL_CB_OUTPUT  101  udata(40beafc8) 17  
[2021/11/01 21:17:06 905] tts        321  udata(40beafc8) 17  
[2021/11/01 21:17:06 907] tts        317  TTS_LOCAL_CB_OUTPUT  101  udata(40be9df8) 17  
[2021/11/01 21:17:06 907] tts        321  udata(40be9df8) 17  
[2021/11/01 21:17:06 907] tts        317  TTS_LOCAL_CB_OUTPUT  101  udata(40beb068) 17  
[2021/11/01 21:17:06 907] tts        321  udata(40beb068) 17  
[2021/11/01 21:17:06 907] tts        317  TTS_LOCAL_CB_OUTPUT  101  udata(40bea028) 17  
[2021/11/01 21:17:06 907] tts        321  udata(40bea028) 17  
[2021/11/01 21:17:06 907] tts        317  TTS_LOCAL_CB_OUTPUT  101  udata(40beaed8) 17  
[2021/11/01 21:17:06 907] tts        321  udata(40beaed8) 17  
[2021/11/01 21:17:06 907] tts        317  TTS_LOCAL_CB_OUTPUT  101  udata(40be9f38) 17  
[2021/11/01 21:17:06 908] tts        321  udata(40be9f38) 17  
[2021/11/01 21:17:06 908] tts        317  TTS_LOCAL_CB_OUTPUT  101  udata(40be9f88) 17  
[2021/11/01 21:17:06 908] tts        321  udata(40be9f88) 17  
[2021/11/01 21:17:06 908] tts        317  TTS_LOCAL_CB_OUTPUT  101  udata(40bea1b8) 17  
[2021/11/01 21:17:06 908] tts        321  udata(40bea1b8) 17  
[2021/11/01 21:17:06 908] tts        317  TTS_LOCAL_CB_OUTPUT  101  udata(40bea618) 17  
[2021/11/01 21:17:06 910] tts        321  udata(40bea618) 17  
[2021/11/01 21:17:06 910] tts        317  TTS_LOCAL_CB_OUTPUT  101  udata(40beaac8) 17  
[2021/11/01 21:17:06 910] tts        321  udata(40beaac8) 17  
[2021/11/01 21:17:06 910] tts        317  TTS_LOCAL_CB_OUTPUT  101  udata(40bea7a8) 17  
[2021/11/01 21:17:06 910] tts        321  udata(40bea7a8) 17  
[2021/11/01 21:17:06 911] tts        317  TTS_LOCAL_CB_OUTPUT  101  udata(40c21058) 17  
[2021/11/01 21:17:06 911] tts        321  udata(40c21058) 17  
[2021/11/01 21:17:06 911] tts        317  TTS_LOCAL_CB_OUTPUT  101  udata(40c215a8) 17  
[2021/11/01 21:17:06 911] tts        321  udata(40c215a8) 17  
[2021/11/01 21:17:06 911] tts        317  TTS_LOCAL_CB_OUTPUT  101  udata(40c21148) 17  
[2021/11/01 21:17:06 911] tts        321  udata(40c21148) 17  
[2021/11/01 21:17:06 911] tts        317  TTS_LOCAL_CB_OUTPUT  101  udata(40c21698) 17  
[2021/11/01 21:17:06 911] tts        321  udata(40c21698) 17  
[2021/11/01 21:17:06 911] tts        317  TTS_LOCAL_CB_OUTPUT  101  udata(41175d38) 17  
[2021/11/01 21:17:06 911] tts        321  udata(41175d38) 17  
[2021/11/01 21:17:06 911] tts        303  0  0  
[2021/11/01 21:17:06 913] tts        314  TTS_LOCAL_CB_END,  2  
[2021/11/01 21:17:06 913] tts        792  TTS_MSG_GETAUDIO  0  
[2021/11/01 21:17:06 913] tts        557  get audio|use local  
[2021/11/01 21:17:06 914] tts        570  local audiolen:  10396  ,ced:  7  
[2021/11/01 21:17:06 914] tts        599  0  udata(4127d6b8) 1  
[2021/11/01 21:17:06 914] tts        792  TTS_MSG_GETAUDIO  0  
[2021/11/01 21:17:06 914] tts        557  get audio|use local  
[2021/11/01 21:17:06 914] tts        570  local audiolen:  19448  ,ced:  7  
[2021/11/01 21:17:06 914] tts        599  0  udata(4127d8e8) 1  
[2021/11/01 21:17:06 914] tts        792  TTS_MSG_GETAUDIO  0  
[2021/11/01 21:17:06 914] tts        557  get audio|use local  
[2021/11/01 21:17:06 914] tts        570  local audiolen:  4974  ,ced:  7  
[2021/11/01 21:17:06 914] tts        599  0  udata(4127ded8) 1  
[2021/11/01 21:17:06 914] tts        792  TTS_MSG_GETAUDIO  0  
[2021/11/01 21:17:06 914] tts        557  get audio|use local  
[2021/11/01 21:17:06 914] tts        570  local audiolen:  13016  ,ced:  7  
[2021/11/01 21:17:06 914] tts        599  0  udata(4127d848) 1  
[2021/11/01 21:17:06 914] tts        792  TTS_MSG_GETAUDIO  0  
[2021/11/01 21:17:06 914] tts        557  get audio|use local  
[2021/11/01 21:17:06 915] tts        570  local audiolen:  14386  ,ced:  7  
[2021/11/01 21:17:06 915] tts        599  0  udata(4127da28) 1  
[2021/11/01 21:17:06 915] tts        792  TTS_MSG_GETAUDIO  0  
[2021/11/01 21:17:06 915] tts        557  get audio|use local  
[2021/11/01 21:17:06 915] tts        570  local audiolen:  7212  ,ced:  7  
[2021/11/01 21:17:06 915] tts        599  0  udata(4127e5b8) 1  
[2021/11/01 21:17:06 915] tts        792  TTS_MSG_GETAUDIO  0  
[2021/11/01 21:17:06 915] tts        557  get audio|use local  
[2021/11/01 21:17:06 915] tts        570  local audiolen:  9696  ,ced:  7  
[2021/11/01 21:17:06 915] tts        599  0  udata(4127d898) 1  
[2021/11/01 21:17:06 917] tts        792  TTS_MSG_GETAUDIO  0  
[2021/11/01 21:17:06 917] tts        557  get audio|use local  
[2021/11/01 21:17:06 917] tts        570  local audiolen:  11008  ,ced:  7  
[2021/11/01 21:17:06 917] tts        599  0  udata(4127e478) 1  
[2021/11/01 21:17:06 917] tts        792  TTS_MSG_GETAUDIO  0  
[2021/11/01 21:17:06 917] tts        557  get audio|use local  
[2021/11/01 21:17:06 917] tts        570  local audiolen:  512  ,ced:  7  
[2021/11/01 21:17:06 917] tts        599  0  udata(4127e748) 1  
[2021/11/01 21:17:06 917] tts        792  TTS_MSG_GETAUDIO  0  
[2021/11/01 21:17:06 917] tts        557  get audio|use local  
[2021/11/01 21:17:06 917] tts        570  local audiolen:  512  ,ced:  7  
[2021/11/01 21:17:06 917] tts        599  0  udata(4127dac8) 1  
[2021/11/01 21:17:06 917] tts        792  TTS_MSG_GETAUDIO  0  
[2021/11/01 21:17:06 917] tts        557  get audio|use local  
[2021/11/01 21:17:06 917] tts        570  local audiolen:  512  ,ced:  7  
[2021/11/01 21:17:06 917] tts        599  0  udata(4127dc08) 1  
[2021/11/01 21:17:06 917] tts        792  TTS_MSG_GETAUDIO  0  
[2021/11/01 21:17:06 917] tts        557  get audio|use local  
[2021/11/01 21:17:06 917] tts        570  local audiolen:  512  ,ced:  7  
[2021/11/01 21:17:06 917] tts        599  0  udata(4127dbb8) 1  
[2021/11/01 21:17:06 917] tts        792  TTS_MSG_GETAUDIO  0  
[2021/11/01 21:17:06 917] tts        557  get audio|use local  
[2021/11/01 21:17:06 917] tts        570  local audiolen:  512  ,ced:  7  
[2021/11/01 21:17:06 917] tts        599  0  udata(4127d618) 1  
[2021/11/01 21:17:06 918] tts        792  TTS_MSG_GETAUDIO  0  
[2021/11/01 21:17:06 918] tts        557  get audio|use local  
[2021/11/01 21:17:06 918] tts        570  local audiolen:  512  ,ced:  7  
[2021/11/01 21:17:06 918] tts        599  0  udata(4127d668) 1  
[2021/11/01 21:17:06 918] tts        792  TTS_MSG_GETAUDIO  0  
[2021/11/01 21:17:06 918] tts        557  get audio|use local  
[2021/11/01 21:17:06 918] tts        570  local audiolen:  512  ,ced:  7  
[2021/11/01 21:17:06 918] tts        599  0  udata(4127e978) 1  
[2021/11/01 21:17:06 918] tts        792  TTS_MSG_GETAUDIO  0  
[2021/11/01 21:17:06 918] tts        557  get audio|use local  
[2021/11/01 21:17:06 918] tts        570  local audiolen:  512  ,ced:  7  
[2021/11/01 21:17:06 918] tts        599  0  udata(4127de38) 1  
[2021/11/01 21:17:06 920] tts        792  TTS_MSG_GETAUDIO  0  
[2021/11/01 21:17:06 920] tts        557  get audio|use local  
[2021/11/01 21:17:06 920] tts        570  local audiolen:  512  ,ced:  7  
[2021/11/01 21:17:06 920] tts        599  0  udata(4127d7a8) 1  
[2021/11/01 21:17:06 920] tts        792  TTS_MSG_GETAUDIO  0  
[2021/11/01 21:17:06 920] tts        557  get audio|use local  
[2021/11/01 21:17:06 920] tts        570  local audiolen:  512  ,ced:  7  
[2021/11/01 21:17:06 920] tts        599  0  udata(4127dc58) 1  
[2021/11/01 21:17:06 920] tts        792  TTS_MSG_GETAUDIO  0  
[2021/11/01 21:17:06 920] tts        557  get audio|use local  
[2021/11/01 21:17:06 920] tts        570  local audiolen:  512  ,ced:  7  
[2021/11/01 21:17:06 920] tts        599  0  udata(4127e6a8) 1  
[2021/11/01 21:17:06 921] tts        792  TTS_MSG_GETAUDIO  0  
[2021/11/01 21:17:06 921] tts        557  get audio|use local  
[2021/11/01 21:17:06 921] tts        570  local audiolen:  512  ,ced:  7  
[2021/11/01 21:17:06 921] tts        599  0  udata(4127dcf8) 1  
[2021/11/01 21:17:06 921] tts        792  TTS_MSG_GETAUDIO  0  
[2021/11/01 21:17:06 921] tts        557  get audio|use local  
[2021/11/01 21:17:06 921] tts        570  local audiolen:  512  ,ced:  7  
[2021/11/01 21:17:06 921] tts        599  0  udata(4127e888) 1  
[2021/11/01 21:17:06 921] tts        792  TTS_MSG_GETAUDIO  0  
[2021/11/01 21:17:06 921] tts        557  get audio|use local  
[2021/11/01 21:17:06 921] tts        570  local audiolen:  512  ,ced:  7  
[2021/11/01 21:17:06 921] tts        599  0  udata(4127e6f8) 1  
[2021/11/01 21:17:06 921] tts        792  TTS_MSG_GETAUDIO  0  
[2021/11/01 21:17:06 921] tts        557  get audio|use local  
[2021/11/01 21:17:06 921] tts        570  local audiolen:  512  ,ced:  7  
[2021/11/01 21:17:06 921] tts        599  0  udata(4127df28) 1  
[2021/11/01 21:17:06 921] tts        792  TTS_MSG_GETAUDIO  0  
[2021/11/01 21:17:06 921] tts        557  get audio|use local  
[2021/11/01 21:17:06 921] tts        570  local audiolen:  512  ,ced:  7  
[2021/11/01 21:17:06 921] tts        599  0  udata(4127e9c8) 1  
[2021/11/01 21:17:06 921] tts        792  TTS_MSG_GETAUDIO  0  
[2021/11/01 21:17:06 921] tts        557  get audio|use local  
[2021/11/01 21:17:06 921] tts        570  local audiolen:  512  ,ced:  7  
[2021/11/01 21:17:06 921] tts        599  0  udata(4127d7f8) 1  
[2021/11/01 21:17:06 923] tts        792  TTS_MSG_GETAUDIO  0  
[2021/11/01 21:17:06 923] tts        557  get audio|use local  
[2021/11/01 21:17:06 923] tts        570  local audiolen:  512  ,ced:  7  
[2021/11/01 21:17:06 923] tts        599  0  udata(4127e0b8) 1  
[2021/11/01 21:17:06 923] tts        792  TTS_MSG_GETAUDIO  0  
[2021/11/01 21:17:06 923] tts        557  get audio|use local  
[2021/11/01 21:17:06 923] tts        570  local audiolen:  512  ,ced:  7  
[2021/11/01 21:17:06 923] tts        599  0  udata(4127e928) 1  
[2021/11/01 21:17:06 923] tts        792  TTS_MSG_GETAUDIO  0  
[2021/11/01 21:17:06 923] tts        557  get audio|use local  
[2021/11/01 21:17:06 923] tts        570  local audiolen:  512  ,ced:  7  
[2021/11/01 21:17:06 923] tts        599  0  udata(4127e428) 1  
[2021/11/01 21:17:06 924] tts        792  TTS_MSG_GETAUDIO  0  
[2021/11/01 21:17:06 924] tts        557  get audio|use local  
[2021/11/01 21:17:06 924] tts        570  local audiolen:  512  ,ced:  7  
[2021/11/01 21:17:06 924] tts        599  0  udata(4127df78) 1  
[2021/11/01 21:17:06 924] tts        792  TTS_MSG_GETAUDIO  0  
[2021/11/01 21:17:06 924] tts        557  get audio|use local  
[2021/11/01 21:17:06 924] tts        570  local audiolen:  512  ,ced:  7  
[2021/11/01 21:17:06 924] tts        599  0  udata(4127e158) 1  
[2021/11/01 21:17:06 924] tts        792  TTS_MSG_GETAUDIO  0  
[2021/11/01 21:17:06 924] tts        557  get audio|use local  
[2021/11/01 21:17:06 924] tts        570  local audiolen:  512  ,ced:  7  
[2021/11/01 21:17:06 924] tts        599  0  udata(4127dfc8) 1  
[2021/11/01 21:17:06 924] tts        792  TTS_MSG_GETAUDIO  0  
[2021/11/01 21:17:06 924] tts        557  get audio|use local  
[2021/11/01 21:17:06 924] tts        570  local audiolen:  512  ,ced:  7  
[2021/11/01 21:17:06 924] tts        599  0  udata(4127e018) 1  
[2021/11/01 21:17:06 924] tts        792  TTS_MSG_GETAUDIO  0  
[2021/11/01 21:17:06 924] tts        557  get audio|use local  
[2021/11/01 21:17:06 924] tts        570  local audiolen:  512  ,ced:  7  
[2021/11/01 21:17:06 924] tts        599  0  udata(4127dd48) 1  
[2021/11/01 21:17:06 924] tts        792  TTS_MSG_GETAUDIO  0  
[2021/11/01 21:17:06 924] tts        557  get audio|use local  
[2021/11/01 21:17:06 924] tts        570  local audiolen:  512  ,ced:  7  
[2021/11/01 21:17:06 924] tts        599  0  udata(4127d708) 1  
[2021/11/01 21:17:06 926] tts        792  TTS_MSG_GETAUDIO  0  
[2021/11/01 21:17:06 926] tts        557  get audio|use local  
[2021/11/01 21:17:06 926] tts        570  local audiolen:  22  ,ced:  7  
[2021/11/01 21:17:06 926] tts        599  0  udata(4127d938) 1  
[2021/11/01 21:17:06 926] tts        792  TTS_MSG_GETAUDIO  0  
[2021/11/01 21:17:06 926] tts        557  get audio|use local  
[2021/11/01 21:17:06 926] tts        570  local audiolen:  214  ,ced:  17  
[2021/11/01 21:17:06 926] tts        599  0  udata(4127e068) 1  
[2021/11/01 21:17:06 926] tts        792  TTS_MSG_GETAUDIO  0  
[2021/11/01 21:17:06 926] tts        557  get audio|use local  
[2021/11/01 21:17:06 926] tts        570  local audiolen:  4248  ,ced:  17  
[2021/11/01 21:17:06 926] tts        599  0  udata(4127e7e8) 1  
[2021/11/01 21:17:06 926] tts        792  TTS_MSG_GETAUDIO  0  
[2021/11/01 21:17:06 927] tts        557  get audio|use local  
[2021/11/01 21:17:06 927] tts        570  local audiolen:  12296  ,ced:  17  
[2021/11/01 21:17:06 927] tts        599  0  udata(4127e798) 1  
[2021/11/01 21:17:06 927] tts        792  TTS_MSG_GETAUDIO  0  
[2021/11/01 21:17:06 927] tts        557  get audio|use local  
[2021/11/01 21:17:06 927] tts        570  local audiolen:  7194  ,ced:  17  
[2021/11/01 21:17:06 927] tts        599  0  udata(4127e1a8) 1  
[2021/11/01 21:17:06 927] tts        792  TTS_MSG_GETAUDIO  0  
[2021/11/01 21:17:06 927] tts        557  get audio|use local  
[2021/11/01 21:17:06 927] tts        570  local audiolen:  11178  ,ced:  17  
[2021/11/01 21:17:06 927] tts        599  0  udata(4127e838) 1  
[2021/11/01 21:17:06 927] tts        792  TTS_MSG_GETAUDIO  0  
[2021/11/01 21:17:06 927] tts        557  get audio|use local  
[2021/11/01 21:17:06 927] tts        570  local audiolen:  8728  ,ced:  17  
[2021/11/01 21:17:06 927] tts        599  0  udata(4127dd98) 1  
[2021/11/01 21:17:06 927] tts        792  TTS_MSG_GETAUDIO  0  
[2021/11/01 21:17:06 927] tts        557  get audio|use local  
[2021/11/01 21:17:06 927] tts        570  local audiolen:  13676  ,ced:  17  
[2021/11/01 21:17:06 927] tts        599  0  udata(4127d9d8) 1  
[2021/11/01 21:17:06 927] tts        792  TTS_MSG_GETAUDIO  0  
[2021/11/01 21:17:06 927] tts        557  get audio|use local  
[2021/11/01 21:17:06 927] tts        570  local audiolen:  512  ,ced:  17  
[2021/11/01 21:17:06 927] tts        599  0  udata(4127e8d8) 1  
[2021/11/01 21:17:06 928] tts        792  TTS_MSG_GETAUDIO  0  
[2021/11/01 21:17:06 928] tts        557  get audio|use local  
[2021/11/01 21:17:06 928] tts        570  local audiolen:  512  ,ced:  17  
[2021/11/01 21:17:06 928] tts        599  0  udata(4127e4c8) 1  
[2021/11/01 21:17:06 928] tts        792  TTS_MSG_GETAUDIO  0  
[2021/11/01 21:17:06 928] tts        557  get audio|use local  
[2021/11/01 21:17:06 928] tts        570  local audiolen:  512  ,ced:  17  
[2021/11/01 21:17:06 928] tts        599  0  udata(4127e518) 1  
[2021/11/01 21:17:06 928] tts        792  TTS_MSG_GETAUDIO  0  
[2021/11/01 21:17:06 928] tts        557  get audio|use local  
[2021/11/01 21:17:06 928] tts        570  local audiolen:  512  ,ced:  17  
[2021/11/01 21:17:06 928] tts        599  0  udata(4127d988) 1  
[2021/11/01 21:17:06 930] tts        792  TTS_MSG_GETAUDIO  0  
[2021/11/01 21:17:06 930] tts        557  get audio|use local  
[2021/11/01 21:17:06 930] tts        570  local audiolen:  512  ,ced:  17  
[2021/11/01 21:17:06 930] tts        599  0  udata(4127d758) 1  
[2021/11/01 21:17:06 930] tts        792  TTS_MSG_GETAUDIO  0  
[2021/11/01 21:17:06 930] tts        557  get audio|use local  
[2021/11/01 21:17:06 930] tts        570  local audiolen:  512  ,ced:  17  
[2021/11/01 21:17:06 930] tts        599  0  udata(4127e388) 1  
[2021/11/01 21:17:06 930] tts        792  TTS_MSG_GETAUDIO  0  
[2021/11/01 21:17:06 930] tts        557  get audio|use local  
[2021/11/01 21:17:06 930] tts        570  local audiolen:  512  ,ced:  17  
[2021/11/01 21:17:06 930] tts        599  0  udata(4127da78) 1  
[2021/11/01 21:17:06 930] tts        792  TTS_MSG_GETAUDIO  0  
[2021/11/01 21:17:06 930] tts        557  get audio|use local  
[2021/11/01 21:17:06 930] tts        570  local audiolen:  512  ,ced:  17  
[2021/11/01 21:17:06 930] tts        599  0  udata(4127db18) 1  
