============================================================
Time  2021/11/01 21:16:18 913 
============================================================
[2021/11/01 21:16:18 913] tts        811  SYS_MSG_REGCB param0 =  msp_status_cb  param1 =  func(a0399cc0) 
[2021/11/01 21:16:18 914] config     43   use general cloud  
[2021/11/01 21:16:18 915] tts_cloud  1438 SYS_MSG_REGCB_CLOUD param0 =   msp_status_cb  param1 =  func(a0399cc0) 
[2021/11/01 21:16:18 915] tts        782  TTS_MSG_SSB  
[2021/11/01 21:16:18 915] tts        434  params =  engine_type = local, voice_name = xiaoyan, text_encoding = GB2312, tts_res_path = fo|res\tts\xiaoyan.jet;fo|res\tts\common.jet, sample_rate = 16000, speed = 25, volume = 50, pitch = 50, rdn = 2  
[2021/11/01 21:16:18 917] tts        273  auf=audio/L16;rate=16000  
[2021/11/01 21:16:18 917] tts        273  auf=audio/L16;rate=16000  
[2021/11/01 21:16:18 917] tts        471  ssb|use local  
[2021/11/01 21:16:18 917] tts        385  local_session_begin  
[2021/11/01 21:16:18 917] tts        789  TTS_MSG_SYN  0  
[2021/11/01 21:16:18 917] tts        514  synth|use local  
[2021/11/01 21:16:18 917] tts        792  TTS_MSG_GETAUDIO  0  
[2021/11/01 21:16:18 917] tts        557  get audio|use local  
[2021/11/01 21:16:18 917] tts        599  0  nil  1  
[2021/11/01 21:16:18 918] tts        792  TTS_MSG_GETAUDIO  0  
[2021/11/01 21:16:18 918] tts        557  get audio|use local  
[2021/11/01 21:16:18 918] tts        599  0  nil  1  
[2021/11/01 21:16:18 918] tts        792  TTS_MSG_GETAUDIO  0  
[2021/11/01 21:16:18 918] tts        557  get audio|use local  
[2021/11/01 21:16:18 918] tts        599  0  nil  1  
[2021/11/01 21:16:18 918] tts        792  TTS_MSG_GETAUDIO  0  
[2021/11/01 21:16:18 918] tts        557  get audio|use local  
[2021/11/01 21:16:18 918] tts        599  0  nil  1  
[2021/11/01 21:16:18 918] tts        792  TTS_MSG_GETAUDIO  0  
[2021/11/01 21:16:18 918] tts        557  get audio|use local  
[2021/11/01 21:16:18 918] tts        599  0  nil  1  
[2021/11/01 21:16:18 920] tts        792  TTS_MSG_GETAUDIO  0  
[2021/11/01 21:16:18 920] tts        557  get audio|use local  
[2021/11/01 21:16:18 920] tts        599  0  nil  1  
[2021/11/01 21:16:18 920] tts        792  TTS_MSG_GETAUDIO  0  
[2021/11/01 21:16:18 921] tts        557  get audio|use local  
[2021/11/01 21:16:18 921] tts        599  0  nil  1  
[2021/11/01 21:16:18 921] tts        792  TTS_MSG_GETAUDIO  0  
[2021/11/01 21:16:18 921] tts        557  get audio|use local  
[2021/11/01 21:16:18 921] tts        599  0  nil  1  
[2021/11/01 21:16:18 921] tts        792  TTS_MSG_GETAUDIO  0  
[2021/11/01 21:16:18 921] tts        557  get audio|use local  
[2021/11/01 21:16:18 921] tts        599  0  nil  1  
[2021/11/01 21:16:18 921] tts        792  TTS_MSG_GETAUDIO  0  
[2021/11/01 21:16:18 921] tts        557  get audio|use local  
[2021/11/01 21:16:18 921] tts        599  0  nil  1  
[2021/11/01 21:16:18 921] tts        792  TTS_MSG_GETAUDIO  0  
[2021/11/01 21:16:18 921] tts        557  get audio|use local  
[2021/11/01 21:16:18 921] tts        599  0  nil  1  
[2021/11/01 21:16:18 923] tts        792  TTS_MSG_GETAUDIO  0  
[2021/11/01 21:16:18 923] tts        557  get audio|use local  
[2021/11/01 21:16:18 923] tts        599  0  nil  1  
[2021/11/01 21:16:18 923] tts        792  TTS_MSG_GETAUDIO  0  
[2021/11/01 21:16:18 923] tts        557  get audio|use local  
[2021/11/01 21:16:18 923] tts        599  0  nil  1  
[2021/11/01 21:16:18 923] tts        792  TTS_MSG_GETAUDIO  0  
[2021/11/01 21:16:18 923] tts        557  get audio|use local  
[2021/11/01 21:16:18 923] tts        599  0  nil  1  
[2021/11/01 21:16:18 924] tts        792  TTS_MSG_GETAUDIO  0  
[2021/11/01 21:16:18 924] tts        557  get audio|use local  
[2021/11/01 21:16:18 924] tts        599  0  nil  1  
[2021/11/01 21:16:18 924] tts        792  TTS_MSG_GETAUDIO  0  
[2021/11/01 21:16:18 924] tts        557  get audio|use local  
[2021/11/01 21:16:18 924] tts        599  0  nil  1  
[2021/11/01 21:16:18 924] tts        792  TTS_MSG_GETAUDIO  0  
[2021/11/01 21:16:18 926] tts        557  get audio|use local  
[2021/11/01 21:16:18 926] tts        599  0  nil  1  
[2021/11/01 21:16:18 926] tts        792  TTS_MSG_GETAUDIO  0  
[2021/11/01 21:16:18 926] tts        557  get audio|use local  
[2021/11/01 21:16:18 926] tts        599  0  nil  1  
[2021/11/01 21:16:18 926] tts        792  TTS_MSG_GETAUDIO  0  
[2021/11/01 21:16:18 927] tts        557  get audio|use local  
[2021/11/01 21:16:18 927] tts        599  0  nil  1  
[2021/11/01 21:16:18 927] tts        792  TTS_MSG_GETAUDIO  0  
[2021/11/01 21:16:18 927] tts        557  get audio|use local  
[2021/11/01 21:16:18 927] tts        599  0  nil  1  
[2021/11/01 21:16:18 927] tts        792  TTS_MSG_GETAUDIO  0  
[2021/11/01 21:16:18 927] tts        557  get audio|use local  
[2021/11/01 21:16:18 927] tts        599  0  nil  1  
[2021/11/01 21:16:18 927] tts        792  TTS_MSG_GETAUDIO  0  
[2021/11/01 21:16:18 927] tts        557  get audio|use local  
[2021/11/01 21:16:18 927] tts        599  0  nil  1  
[2021/11/01 21:16:18 927] tts        792  TTS_MSG_GETAUDIO  0  
[2021/11/01 21:16:18 927] tts        557  get audio|use local  
[2021/11/01 21:16:18 927] tts        599  0  nil  1  
[2021/11/01 21:16:18 928] tts        792  TTS_MSG_GETAUDIO  0  
[2021/11/01 21:16:18 928] tts        557  get audio|use local  
[2021/11/01 21:16:18 928] tts        599  0  nil  1  
[2021/11/01 21:16:18 928] tts        792  TTS_MSG_GETAUDIO  0  
[2021/11/01 21:16:18 928] tts        557  get audio|use local  
[2021/11/01 21:16:18 928] tts        599  0  nil  1  
[2021/11/01 21:16:18 930] tts        792  TTS_MSG_GETAUDIO  0  
[2021/11/01 21:16:18 930] tts        557  get audio|use local  
[2021/11/01 21:16:18 930] tts        599  0  nil  1  
[2021/11/01 21:16:18 930] tts        792  TTS_MSG_GETAUDIO  0  
[2021/11/01 21:16:18 930] tts        557  get audio|use local  
[2021/11/01 21:16:18 930] tts        599  0  nil  1  
[2021/11/01 21:16:18 930] tts        792  TTS_MSG_GETAUDIO  0  
[2021/11/01 21:16:18 930] tts        557  get audio|use local  
[2021/11/01 21:16:18 930] tts        599  0  nil  1  
[2021/11/01 21:16:18 930] tts        792  TTS_MSG_GETAUDIO  0  
[2021/11/01 21:16:18 930] tts        557  get audio|use local  
[2021/11/01 21:16:18 930] tts        599  0  nil  1  
[2021/11/01 21:16:18 931] tts        792  TTS_MSG_GETAUDIO  0  
[2021/11/01 21:16:18 931] tts        557  get audio|use local  
[2021/11/01 21:16:18 931] tts        599  0  nil  1  
